  [1m[35m (21.3ms)[0m  [1m[35mCREATE TABLE "schema_migrations" ("version" character varying PRIMARY KEY)[0m
  [1m[35m (20.3ms)[0m  [1m[35mCREATE TABLE "ar_internal_metadata" ("key" character varying PRIMARY KEY, "value" character varying, "created_at" timestamp NOT NULL, "updated_at" timestamp NOT NULL)[0m
  [1m[35m (12.8ms)[0m  [1m[34mSELECT pg_try_advisory_lock(7650272522505945360);[0m
  [1m[36mActiveRecord::SchemaMigration Load (0.5ms)[0m  [1m[34mSELECT "schema_migrations".* FROM "schema_migrations"[0m
Migrating to CreateMovies (20170108195435)
  [1m[35m (0.2ms)[0m  [1m[35mBEGIN[0m
  [1m[35m (28.6ms)[0m  [1m[35mCREATE TABLE "movies" ("id" serial primary key, "title" character varying, "description" text, "director" character varying, "created_at" timestamp NOT NULL, "updated_at" timestamp NOT NULL)[0m
  [1m[35mSQL (20.8ms)[0m  [1m[32mINSERT INTO "schema_migrations" ("version") VALUES ($1) RETURNING "version"[0m  [["version", "20170108195435"]]
  [1m[35m (5.1ms)[0m  [1m[35mCOMMIT[0m
Migrating to CreateReviews (20170109013858)
  [1m[35m (5.6ms)[0m  [1m[35mBEGIN[0m
  [1m[35m (20.9ms)[0m  [1m[35mCREATE TABLE "reviews" ("id" serial primary key, "raing" integer, "description" text, "created_at" timestamp NOT NULL, "updated_at" timestamp NOT NULL)[0m
  [1m[35mSQL (0.4ms)[0m  [1m[32mINSERT INTO "schema_migrations" ("version") VALUES ($1) RETURNING "version"[0m  [["version", "20170109013858"]]
  [1m[35m (0.6ms)[0m  [1m[35mCOMMIT[0m
  [1m[36mActiveRecord::InternalMetadata Load (0.4ms)[0m  [1m[34mSELECT  "ar_internal_metadata".* FROM "ar_internal_metadata" WHERE "ar_internal_metadata"."key" = $1 LIMIT $2[0m  [["key", :environment], ["LIMIT", 1]]
  [1m[35m (0.2ms)[0m  [1m[35mBEGIN[0m
  [1m[35mSQL (0.8ms)[0m  [1m[32mINSERT INTO "ar_internal_metadata" ("key", "value", "created_at", "updated_at") VALUES ($1, $2, $3, $4) RETURNING "key"[0m  [["key", "environment"], ["value", "development"], ["created_at", 2017-01-09 01:48:29 UTC], ["updated_at", 2017-01-09 01:48:29 UTC]]
  [1m[35m (1.3ms)[0m  [1m[35mCOMMIT[0m
  [1m[35m (0.3ms)[0m  [1m[34mSELECT pg_advisory_unlock(7650272522505945360)[0m
  [1m[36mActiveRecord::SchemaMigration Load (0.3ms)[0m  [1m[34mSELECT "schema_migrations".* FROM "schema_migrations"[0m
  [1m[36mActiveRecord::SchemaMigration Load (0.3ms)[0m  [1m[34mSELECT "schema_migrations".* FROM "schema_migrations"[0m
  [1m[35m (0.3ms)[0m  [1m[34mSELECT pg_try_advisory_lock(7650272522505945360);[0m
  [1m[36mActiveRecord::SchemaMigration Load (1.0ms)[0m  [1m[34mSELECT "schema_migrations".* FROM "schema_migrations"[0m
  [1m[36mActiveRecord::InternalMetadata Load (12.1ms)[0m  [1m[34mSELECT  "ar_internal_metadata".* FROM "ar_internal_metadata" WHERE "ar_internal_metadata"."key" = $1 LIMIT $2[0m  [["key", :environment], ["LIMIT", 1]]
  [1m[35m (0.2ms)[0m  [1m[35mBEGIN[0m
  [1m[35m (0.1ms)[0m  [1m[35mCOMMIT[0m
  [1m[35m (0.2ms)[0m  [1m[34mSELECT pg_advisory_unlock(7650272522505945360)[0m
  [1m[36mActiveRecord::SchemaMigration Load (0.2ms)[0m  [1m[34mSELECT "schema_migrations".* FROM "schema_migrations"[0m
Started GET "/" for ::1 at 2017-01-08 21:04:57 -0500
  [1m[36mActiveRecord::SchemaMigration Load (0.9ms)[0m  [1m[34mSELECT "schema_migrations".* FROM "schema_migrations"[0m
Processing by Rails::WelcomeController#index as HTML
  Parameters: {"internal"=>true}
  Rendering /usr/local/var/rbenv/versions/2.3.1/lib/ruby/gems/2.3.0/gems/railties-5.0.1/lib/rails/templates/rails/welcome/index.html.erb
  Rendered /usr/local/var/rbenv/versions/2.3.1/lib/ruby/gems/2.3.0/gems/railties-5.0.1/lib/rails/templates/rails/welcome/index.html.erb (6.4ms)
Completed 200 OK in 38ms (Views: 17.6ms | ActiveRecord: 0.0ms)


Started GET "/" for ::1 at 2017-01-08 21:08:42 -0500
  
SyntaxError (/Users/frontlines3/fundamentals/Projects/Movie-Review-App/config/routes.rb:5: syntax error, unexpected ':', expecting keyword_end
  root: 'movie#index'
       ^):
  
config/routes.rb:5: syntax error, unexpected ':', expecting keyword_end
  Rendering /usr/local/var/rbenv/versions/2.3.1/lib/ruby/gems/2.3.0/gems/actionpack-5.0.1/lib/action_dispatch/middleware/templates/rescues/diagnostics.html.erb within rescues/layout
  Rendering /usr/local/var/rbenv/versions/2.3.1/lib/ruby/gems/2.3.0/gems/actionpack-5.0.1/lib/action_dispatch/middleware/templates/rescues/_source.html.erb
  Rendered /usr/local/var/rbenv/versions/2.3.1/lib/ruby/gems/2.3.0/gems/actionpack-5.0.1/lib/action_dispatch/middleware/templates/rescues/_source.html.erb (12.3ms)
  Rendering /usr/local/var/rbenv/versions/2.3.1/lib/ruby/gems/2.3.0/gems/actionpack-5.0.1/lib/action_dispatch/middleware/templates/rescues/_trace.html.erb
  Rendered /usr/local/var/rbenv/versions/2.3.1/lib/ruby/gems/2.3.0/gems/actionpack-5.0.1/lib/action_dispatch/middleware/templates/rescues/_trace.html.erb (3.6ms)
  Rendering /usr/local/var/rbenv/versions/2.3.1/lib/ruby/gems/2.3.0/gems/actionpack-5.0.1/lib/action_dispatch/middleware/templates/rescues/_request_and_response.html.erb
  Rendered /usr/local/var/rbenv/versions/2.3.1/lib/ruby/gems/2.3.0/gems/actionpack-5.0.1/lib/action_dispatch/middleware/templates/rescues/_request_and_response.html.erb (1.7ms)
  Rendered /usr/local/var/rbenv/versions/2.3.1/lib/ruby/gems/2.3.0/gems/actionpack-5.0.1/lib/action_dispatch/middleware/templates/rescues/diagnostics.html.erb within rescues/layout (154.7ms)
Started GET "/" for ::1 at 2017-01-08 21:09:16 -0500
  
SyntaxError (/Users/frontlines3/fundamentals/Projects/Movie-Review-App/config/routes.rb:5: syntax error, unexpected ':', expecting keyword_end
  root: 'movies#index'
       ^):
  
config/routes.rb:5: syntax error, unexpected ':', expecting keyword_end
  Rendering /usr/local/var/rbenv/versions/2.3.1/lib/ruby/gems/2.3.0/gems/actionpack-5.0.1/lib/action_dispatch/middleware/templates/rescues/diagnostics.html.erb within rescues/layout
  Rendering /usr/local/var/rbenv/versions/2.3.1/lib/ruby/gems/2.3.0/gems/actionpack-5.0.1/lib/action_dispatch/middleware/templates/rescues/_source.html.erb
  Rendered /usr/local/var/rbenv/versions/2.3.1/lib/ruby/gems/2.3.0/gems/actionpack-5.0.1/lib/action_dispatch/middleware/templates/rescues/_source.html.erb (4.1ms)
  Rendering /usr/local/var/rbenv/versions/2.3.1/lib/ruby/gems/2.3.0/gems/actionpack-5.0.1/lib/action_dispatch/middleware/templates/rescues/_trace.html.erb
  Rendered /usr/local/var/rbenv/versions/2.3.1/lib/ruby/gems/2.3.0/gems/actionpack-5.0.1/lib/action_dispatch/middleware/templates/rescues/_trace.html.erb (2.6ms)
  Rendering /usr/local/var/rbenv/versions/2.3.1/lib/ruby/gems/2.3.0/gems/actionpack-5.0.1/lib/action_dispatch/middleware/templates/rescues/_request_and_response.html.erb
  Rendered /usr/local/var/rbenv/versions/2.3.1/lib/ruby/gems/2.3.0/gems/actionpack-5.0.1/lib/action_dispatch/middleware/templates/rescues/_request_and_response.html.erb (1.4ms)
  Rendered /usr/local/var/rbenv/versions/2.3.1/lib/ruby/gems/2.3.0/gems/actionpack-5.0.1/lib/action_dispatch/middleware/templates/rescues/diagnostics.html.erb within rescues/layout (112.5ms)
Started GET "/" for ::1 at 2017-01-08 21:11:13 -0500
Processing by MoviesController#index as HTML
  Rendering movies/index.html.erb within layouts/application
  Rendered movies/index.html.erb within layouts/application (2.2ms)
Completed 200 OK in 1278ms (Views: 1269.5ms | ActiveRecord: 0.0ms)


Started GET "/reviews/new" for ::1 at 2017-01-08 21:11:42 -0500
Processing by ReviewsController#new as HTML
  Rendering reviews/new.html.erb within layouts/application
  Rendered reviews/_form.html.erb (64.4ms)
  Rendered reviews/new.html.erb within layouts/application (70.0ms)
Completed 200 OK in 177ms (Views: 118.3ms | ActiveRecord: 37.9ms)


Started POST "/reviews" for ::1 at 2017-01-08 21:12:28 -0500
Processing by ReviewsController#create as HTML
  Parameters: {"utf8"=>"✓", "authenticity_token"=>"dFGTgYBvFwlb3TwJZf87oAjm+UzclSb00Cqy5296Jh8yrsdX7TjaEOpZruub0uhzbtX6HLIJsu+QAvFMmXYIPQ==", "review"=>{"raing"=>"0", "description"=>""}, "commit"=>"Create Review"}
  [1m[35m (6.6ms)[0m  [1m[35mBEGIN[0m
  [1m[35mSQL (37.8ms)[0m  [1m[32mINSERT INTO "reviews" ("raing", "description", "created_at", "updated_at") VALUES ($1, $2, $3, $4) RETURNING "id"[0m  [["raing", 0], ["description", ""], ["created_at", 2017-01-09 02:12:28 UTC], ["updated_at", 2017-01-09 02:12:28 UTC]]
  [1m[35m (1.9ms)[0m  [1m[35mCOMMIT[0m
Redirected to http://localhost:3000/reviews/1
Completed 302 Found in 70ms (ActiveRecord: 46.2ms)


Started GET "/reviews/1" for ::1 at 2017-01-08 21:12:28 -0500
Processing by ReviewsController#show as HTML
  Parameters: {"id"=>"1"}
  [1m[36mReview Load (6.9ms)[0m  [1m[34mSELECT  "reviews".* FROM "reviews" WHERE "reviews"."id" = $1 LIMIT $2[0m  [["id", 1], ["LIMIT", 1]]
  Rendering reviews/show.html.erb within layouts/application
  Rendered reviews/show.html.erb within layouts/application (2.7ms)
Completed 200 OK in 92ms (Views: 68.4ms | ActiveRecord: 7.2ms)


Started GET "/reviews" for ::1 at 2017-01-08 21:12:33 -0500
Processing by ReviewsController#index as HTML
  Rendering reviews/index.html.erb within layouts/application
  [1m[36mReview Load (5.2ms)[0m  [1m[34mSELECT "reviews".* FROM "reviews"[0m
  Rendered reviews/index.html.erb within layouts/application (10.1ms)
Completed 200 OK in 68ms (Views: 58.6ms | ActiveRecord: 5.2ms)


Started GET "/reviews/new" for ::1 at 2017-01-08 21:12:36 -0500
Processing by ReviewsController#new as HTML
  Rendering reviews/new.html.erb within layouts/application
  Rendered reviews/_form.html.erb (6.7ms)
  Rendered reviews/new.html.erb within layouts/application (13.4ms)
Completed 200 OK in 57ms (Views: 52.4ms | ActiveRecord: 0.0ms)


Started POST "/reviews" for ::1 at 2017-01-08 21:12:38 -0500
Processing by ReviewsController#create as HTML
  Parameters: {"utf8"=>"✓", "authenticity_token"=>"08LHlq1IQNr45P1zlOjo+3XNGzraecPS7epQNY/5ALSQ48h41srF8lZWJ5ltGhPu3h5rlNCbvLPwSsibi4XklQ==", "review"=>{"raing"=>"", "description"=>""}, "commit"=>"Create Review"}
  [1m[35m (0.2ms)[0m  [1m[35mBEGIN[0m
  [1m[35mSQL (1.3ms)[0m  [1m[32mINSERT INTO "reviews" ("description", "created_at", "updated_at") VALUES ($1, $2, $3) RETURNING "id"[0m  [["description", ""], ["created_at", 2017-01-09 02:12:38 UTC], ["updated_at", 2017-01-09 02:12:38 UTC]]
  [1m[35m (6.0ms)[0m  [1m[35mCOMMIT[0m
Redirected to http://localhost:3000/reviews/2
Completed 302 Found in 12ms (ActiveRecord: 7.4ms)


Started GET "/reviews/2" for ::1 at 2017-01-08 21:12:38 -0500
Processing by ReviewsController#show as HTML
  Parameters: {"id"=>"2"}
  [1m[36mReview Load (0.9ms)[0m  [1m[34mSELECT  "reviews".* FROM "reviews" WHERE "reviews"."id" = $1 LIMIT $2[0m  [["id", 2], ["LIMIT", 1]]
  Rendering reviews/show.html.erb within layouts/application
  Rendered reviews/show.html.erb within layouts/application (0.9ms)
Completed 200 OK in 38ms (Views: 32.1ms | ActiveRecord: 1.2ms)


Started GET "/reviews" for ::1 at 2017-01-08 21:12:40 -0500
Processing by ReviewsController#index as HTML
  Rendering reviews/index.html.erb within layouts/application
  [1m[36mReview Load (1.3ms)[0m  [1m[34mSELECT "reviews".* FROM "reviews"[0m
  Rendered reviews/index.html.erb within layouts/application (5.4ms)
Completed 200 OK in 73ms (Views: 67.1ms | ActiveRecord: 1.3ms)


Started DELETE "/reviews/2" for ::1 at 2017-01-08 21:12:44 -0500
Processing by ReviewsController#destroy as HTML
  Parameters: {"authenticity_token"=>"NnSCEgHCv54fegUTNdQ9Dvy9bhIePuv+InUdX8Gki85wi9bEbJVyh67+l/HL+e7dmo5tQnCif+ViXV70N6il7A==", "id"=>"2"}
  [1m[36mReview Load (0.4ms)[0m  [1m[34mSELECT  "reviews".* FROM "reviews" WHERE "reviews"."id" = $1 LIMIT $2[0m  [["id", 2], ["LIMIT", 1]]
  [1m[35m (0.1ms)[0m  [1m[35mBEGIN[0m
  [1m[35mSQL (17.7ms)[0m  [1m[31mDELETE FROM "reviews" WHERE "reviews"."id" = $1[0m  [["id", 2]]
  [1m[35m (0.6ms)[0m  [1m[35mCOMMIT[0m
Redirected to http://localhost:3000/reviews
Completed 302 Found in 26ms (ActiveRecord: 19.3ms)


Started GET "/reviews" for ::1 at 2017-01-08 21:12:44 -0500
Processing by ReviewsController#index as HTML
  Rendering reviews/index.html.erb within layouts/application
  [1m[36mReview Load (1.2ms)[0m  [1m[34mSELECT "reviews".* FROM "reviews"[0m
  Rendered reviews/index.html.erb within layouts/application (3.5ms)
Completed 200 OK in 34ms (Views: 29.4ms | ActiveRecord: 1.2ms)


Started GET "/reviews/1/edit" for ::1 at 2017-01-08 21:12:47 -0500
Processing by ReviewsController#edit as HTML
  Parameters: {"id"=>"1"}
  [1m[36mReview Load (0.7ms)[0m  [1m[34mSELECT  "reviews".* FROM "reviews" WHERE "reviews"."id" = $1 LIMIT $2[0m  [["id", 1], ["LIMIT", 1]]
  Rendering reviews/edit.html.erb within layouts/application
  Rendered reviews/_form.html.erb (5.0ms)
  Rendered reviews/edit.html.erb within layouts/application (8.5ms)
Completed 200 OK in 61ms (Views: 53.9ms | ActiveRecord: 1.0ms)


Started GET "/reviews" for ::1 at 2017-01-08 21:12:49 -0500
Processing by ReviewsController#index as HTML
  Rendering reviews/index.html.erb within layouts/application
  [1m[36mReview Load (0.7ms)[0m  [1m[34mSELECT "reviews".* FROM "reviews"[0m
  Rendered reviews/index.html.erb within layouts/application (3.4ms)
Completed 200 OK in 56ms (Views: 51.2ms | ActiveRecord: 0.7ms)


Started DELETE "/reviews/1" for ::1 at 2017-01-08 21:12:52 -0500
Processing by ReviewsController#destroy as HTML
  Parameters: {"authenticity_token"=>"PPq8HI0Iam4AS05eC3qfgPpW52+fv0N/tyLfle4u8J56BejK4F+nd7HP3Lz1V0xTnGXkP/Ej12T3Cpw+GCLevA==", "id"=>"1"}
  [1m[36mReview Load (0.3ms)[0m  [1m[34mSELECT  "reviews".* FROM "reviews" WHERE "reviews"."id" = $1 LIMIT $2[0m  [["id", 1], ["LIMIT", 1]]
  [1m[35m (0.3ms)[0m  [1m[35mBEGIN[0m
  [1m[35mSQL (0.7ms)[0m  [1m[31mDELETE FROM "reviews" WHERE "reviews"."id" = $1[0m  [["id", 1]]
  [1m[35m (6.4ms)[0m  [1m[35mCOMMIT[0m
Redirected to http://localhost:3000/reviews
Completed 302 Found in 12ms (ActiveRecord: 7.8ms)


Started GET "/reviews" for ::1 at 2017-01-08 21:12:53 -0500
Processing by ReviewsController#index as HTML
  Rendering reviews/index.html.erb within layouts/application
  [1m[36mReview Load (0.4ms)[0m  [1m[34mSELECT "reviews".* FROM "reviews"[0m
  Rendered reviews/index.html.erb within layouts/application (1.6ms)
Completed 200 OK in 33ms (Views: 29.5ms | ActiveRecord: 0.4ms)


Started GET "/reviews/new" for ::1 at 2017-01-08 21:13:00 -0500
Processing by ReviewsController#new as HTML
  Rendering reviews/new.html.erb within layouts/application
  Rendered reviews/_form.html.erb (2.7ms)
  Rendered reviews/new.html.erb within layouts/application (5.5ms)
Completed 200 OK in 34ms (Views: 29.3ms | ActiveRecord: 0.0ms)


Started GET "/" for ::1 at 2017-01-08 21:13:09 -0500
Processing by MoviesController#index as HTML
  Rendering movies/index.html.erb within layouts/application
  Rendered movies/index.html.erb within layouts/application (0.4ms)
Completed 200 OK in 35ms (Views: 31.8ms | ActiveRecord: 0.0ms)


Started GET "/" for ::1 at 2017-01-08 22:30:40 -0500
  [1m[36mActiveRecord::SchemaMigration Load (6.9ms)[0m  [1m[34mSELECT "schema_migrations".* FROM "schema_migrations"[0m
Processing by MoviesController#index as HTML
  Rendering movies/index.html.erb within layouts/application
  Rendered movies/index.html.erb within layouts/application (2.1ms)
Completed 200 OK in 408ms (Views: 385.4ms | ActiveRecord: 0.0ms)


Started GET "/" for ::1 at 2017-01-08 22:45:46 -0500
  [1m[36mActiveRecord::SchemaMigration Load (0.6ms)[0m  [1m[34mSELECT "schema_migrations".* FROM "schema_migrations"[0m
Processing by MoviesController#index as HTML
  Rendering movies/index.html.erb within layouts/application
  Rendered movies/index.html.erb within layouts/application (2.5ms)
Completed 200 OK in 5816ms (Views: 5797.6ms | ActiveRecord: 0.0ms)


Started GET "/movie/new" for ::1 at 2017-01-08 22:55:16 -0500
  
ActionController::RoutingError (No route matches [GET] "/movie/new"):
  
actionpack (5.0.1) lib/action_dispatch/middleware/debug_exceptions.rb:53:in `call'
web-console (3.4.0) lib/web_console/middleware.rb:135:in `call_app'
web-console (3.4.0) lib/web_console/middleware.rb:28:in `block in call'
web-console (3.4.0) lib/web_console/middleware.rb:18:in `catch'
web-console (3.4.0) lib/web_console/middleware.rb:18:in `call'
actionpack (5.0.1) lib/action_dispatch/middleware/show_exceptions.rb:31:in `call'
railties (5.0.1) lib/rails/rack/logger.rb:36:in `call_app'
railties (5.0.1) lib/rails/rack/logger.rb:24:in `block in call'
activesupport (5.0.1) lib/active_support/tagged_logging.rb:69:in `block in tagged'
activesupport (5.0.1) lib/active_support/tagged_logging.rb:26:in `tagged'
activesupport (5.0.1) lib/active_support/tagged_logging.rb:69:in `tagged'
railties (5.0.1) lib/rails/rack/logger.rb:24:in `call'
sprockets-rails (3.2.0) lib/sprockets/rails/quiet_assets.rb:13:in `call'
actionpack (5.0.1) lib/action_dispatch/middleware/request_id.rb:24:in `call'
rack (2.0.1) lib/rack/method_override.rb:22:in `call'
rack (2.0.1) lib/rack/runtime.rb:22:in `call'
activesupport (5.0.1) lib/active_support/cache/strategy/local_cache_middleware.rb:28:in `call'
actionpack (5.0.1) lib/action_dispatch/middleware/executor.rb:12:in `call'
actionpack (5.0.1) lib/action_dispatch/middleware/static.rb:136:in `call'
rack (2.0.1) lib/rack/sendfile.rb:111:in `call'
railties (5.0.1) lib/rails/engine.rb:522:in `call'
puma (3.6.2) lib/puma/configuration.rb:225:in `call'
puma (3.6.2) lib/puma/server.rb:578:in `handle_request'
puma (3.6.2) lib/puma/server.rb:415:in `process_client'
puma (3.6.2) lib/puma/server.rb:275:in `block in run'
puma (3.6.2) lib/puma/thread_pool.rb:116:in `block in spawn_thread'
  Rendering /usr/local/var/rbenv/versions/2.3.1/lib/ruby/gems/2.3.0/gems/actionpack-5.0.1/lib/action_dispatch/middleware/templates/rescues/routing_error.html.erb within rescues/layout
  Rendering /usr/local/var/rbenv/versions/2.3.1/lib/ruby/gems/2.3.0/gems/actionpack-5.0.1/lib/action_dispatch/middleware/templates/rescues/_trace.html.erb
  Rendered /usr/local/var/rbenv/versions/2.3.1/lib/ruby/gems/2.3.0/gems/actionpack-5.0.1/lib/action_dispatch/middleware/templates/rescues/_trace.html.erb (9.1ms)
  Rendered collection of /usr/local/var/rbenv/versions/2.3.1/lib/ruby/gems/2.3.0/gems/actionpack-5.0.1/lib/action_dispatch/middleware/templates/routes/_route.html.erb [17 times] (36.8ms)
  Rendered /usr/local/var/rbenv/versions/2.3.1/lib/ruby/gems/2.3.0/gems/actionpack-5.0.1/lib/action_dispatch/middleware/templates/routes/_table.html.erb (49.0ms)
  Rendering /usr/local/var/rbenv/versions/2.3.1/lib/ruby/gems/2.3.0/gems/actionpack-5.0.1/lib/action_dispatch/middleware/templates/rescues/_request_and_response.html.erb
  Rendered /usr/local/var/rbenv/versions/2.3.1/lib/ruby/gems/2.3.0/gems/actionpack-5.0.1/lib/action_dispatch/middleware/templates/rescues/_request_and_response.html.erb (4.4ms)
  Rendered /usr/local/var/rbenv/versions/2.3.1/lib/ruby/gems/2.3.0/gems/actionpack-5.0.1/lib/action_dispatch/middleware/templates/rescues/routing_error.html.erb within rescues/layout (282.4ms)
Started GET "/movies/new" for ::1 at 2017-01-08 22:56:22 -0500
Processing by MoviesController#new as HTML
  Rendering movies/new.html.erb within layouts/application
  Rendered movies/new.html.erb within layouts/application (1.2ms)
Completed 200 OK in 508ms (Views: 285.4ms | ActiveRecord: 34.6ms)


Started GET "/movies/new" for ::1 at 2017-01-08 23:06:10 -0500
Processing by MoviesController#new as HTML
  Rendering movies/new.html.erb within layouts/application
  Rendered movies/new.html.erb within layouts/application (36.2ms)
Completed 500 Internal Server Error in 84ms (ActiveRecord: 0.0ms)


  
ActionView::Template::Error (Missing partial movies/_form, application/_form with {:locale=>[:en], :formats=>[:html], :variants=>[], :handlers=>[:raw, :erb, :html, :builder, :ruby, :coffee, :jbuilder]}. Searched in:
  * "/Users/frontlines3/fundamentals/Projects/Movie-Review-App/MovieReview-App/app/views"
):
    1: <h1>New Movie</h1>
    2: 
    3: <%= render 'form' %>
  
app/views/movies/new.html.erb:3:in `_app_views_movies_new_html_erb___1172916274893414222_70337924537540'
  Rendering /usr/local/var/rbenv/versions/2.3.1/lib/ruby/gems/2.3.0/gems/actionpack-5.0.1/lib/action_dispatch/middleware/templates/rescues/template_error.html.erb within rescues/layout
  Rendering /usr/local/var/rbenv/versions/2.3.1/lib/ruby/gems/2.3.0/gems/actionpack-5.0.1/lib/action_dispatch/middleware/templates/rescues/_source.html.erb
  Rendered /usr/local/var/rbenv/versions/2.3.1/lib/ruby/gems/2.3.0/gems/actionpack-5.0.1/lib/action_dispatch/middleware/templates/rescues/_source.html.erb (11.6ms)
  Rendering /usr/local/var/rbenv/versions/2.3.1/lib/ruby/gems/2.3.0/gems/actionpack-5.0.1/lib/action_dispatch/middleware/templates/rescues/_trace.html.erb
  Rendered /usr/local/var/rbenv/versions/2.3.1/lib/ruby/gems/2.3.0/gems/actionpack-5.0.1/lib/action_dispatch/middleware/templates/rescues/_trace.html.erb (6.5ms)
  Rendering /usr/local/var/rbenv/versions/2.3.1/lib/ruby/gems/2.3.0/gems/actionpack-5.0.1/lib/action_dispatch/middleware/templates/rescues/_request_and_response.html.erb
  Rendered /usr/local/var/rbenv/versions/2.3.1/lib/ruby/gems/2.3.0/gems/actionpack-5.0.1/lib/action_dispatch/middleware/templates/rescues/_request_and_response.html.erb (2.2ms)
  Rendered /usr/local/var/rbenv/versions/2.3.1/lib/ruby/gems/2.3.0/gems/actionpack-5.0.1/lib/action_dispatch/middleware/templates/rescues/template_error.html.erb within rescues/layout (133.9ms)
Started GET "/movies/new" for ::1 at 2017-01-08 23:07:29 -0500
Processing by MoviesController#new as HTML
  Rendering movies/new.html.erb within layouts/application
  Rendered movies/new.html.erb within layouts/application (25.4ms)
Completed 500 Internal Server Error in 68ms (ActiveRecord: 0.0ms)


  
ActionView::Template::Error (Missing partial movies/_form, application/_form with {:locale=>[:en], :formats=>[:html], :variants=>[], :handlers=>[:raw, :erb, :html, :builder, :ruby, :coffee, :jbuilder]}. Searched in:
  * "/Users/frontlines3/fundamentals/Projects/Movie-Review-App/MovieReview-App/app/views"
):
    1: <h1>New Movie</h1>
    2: 
    3: <%= render 'form' %>
  
app/views/movies/new.html.erb:3:in `_app_views_movies_new_html_erb___1172916274893414222_70337913322040'
  Rendering /usr/local/var/rbenv/versions/2.3.1/lib/ruby/gems/2.3.0/gems/actionpack-5.0.1/lib/action_dispatch/middleware/templates/rescues/template_error.html.erb within rescues/layout
  Rendering /usr/local/var/rbenv/versions/2.3.1/lib/ruby/gems/2.3.0/gems/actionpack-5.0.1/lib/action_dispatch/middleware/templates/rescues/_source.html.erb
  Rendered /usr/local/var/rbenv/versions/2.3.1/lib/ruby/gems/2.3.0/gems/actionpack-5.0.1/lib/action_dispatch/middleware/templates/rescues/_source.html.erb (12.2ms)
  Rendering /usr/local/var/rbenv/versions/2.3.1/lib/ruby/gems/2.3.0/gems/actionpack-5.0.1/lib/action_dispatch/middleware/templates/rescues/_trace.html.erb
  Rendered /usr/local/var/rbenv/versions/2.3.1/lib/ruby/gems/2.3.0/gems/actionpack-5.0.1/lib/action_dispatch/middleware/templates/rescues/_trace.html.erb (5.8ms)
  Rendering /usr/local/var/rbenv/versions/2.3.1/lib/ruby/gems/2.3.0/gems/actionpack-5.0.1/lib/action_dispatch/middleware/templates/rescues/_request_and_response.html.erb
  Rendered /usr/local/var/rbenv/versions/2.3.1/lib/ruby/gems/2.3.0/gems/actionpack-5.0.1/lib/action_dispatch/middleware/templates/rescues/_request_and_response.html.erb (2.4ms)
  Rendered /usr/local/var/rbenv/versions/2.3.1/lib/ruby/gems/2.3.0/gems/actionpack-5.0.1/lib/action_dispatch/middleware/templates/rescues/template_error.html.erb within rescues/layout (124.9ms)
Started GET "/movies/new" for ::1 at 2017-01-08 23:10:13 -0500
Processing by MoviesController#new as HTML
  Rendering movies/new.html.erb within layouts/application
  Rendered movies/new.html.erb within layouts/application (11.5ms)
Completed 500 Internal Server Error in 94ms (ActiveRecord: 9.1ms)


  
ActionView::Template::Error (Missing partial movies/_form, application/_form with {:locale=>[:en], :formats=>[:html], :variants=>[], :handlers=>[:raw, :erb, :html, :builder, :ruby, :coffee, :jbuilder]}. Searched in:
  * "/Users/frontlines3/fundamentals/Projects/Movie-Review-App/MovieReview-App/app/views"
):
    1: <h1>New Movie</h1>
    2: 
    3: <%= render 'form' %>
  
app/views/movies/new.html.erb:3:in `_app_views_movies_new_html_erb___1172916274893414222_70337851895360'
  Rendering /usr/local/var/rbenv/versions/2.3.1/lib/ruby/gems/2.3.0/gems/actionpack-5.0.1/lib/action_dispatch/middleware/templates/rescues/template_error.html.erb within rescues/layout
  Rendering /usr/local/var/rbenv/versions/2.3.1/lib/ruby/gems/2.3.0/gems/actionpack-5.0.1/lib/action_dispatch/middleware/templates/rescues/_source.html.erb
  Rendered /usr/local/var/rbenv/versions/2.3.1/lib/ruby/gems/2.3.0/gems/actionpack-5.0.1/lib/action_dispatch/middleware/templates/rescues/_source.html.erb (9.7ms)
  Rendering /usr/local/var/rbenv/versions/2.3.1/lib/ruby/gems/2.3.0/gems/actionpack-5.0.1/lib/action_dispatch/middleware/templates/rescues/_trace.html.erb
  Rendered /usr/local/var/rbenv/versions/2.3.1/lib/ruby/gems/2.3.0/gems/actionpack-5.0.1/lib/action_dispatch/middleware/templates/rescues/_trace.html.erb (2.7ms)
  Rendering /usr/local/var/rbenv/versions/2.3.1/lib/ruby/gems/2.3.0/gems/actionpack-5.0.1/lib/action_dispatch/middleware/templates/rescues/_request_and_response.html.erb
  Rendered /usr/local/var/rbenv/versions/2.3.1/lib/ruby/gems/2.3.0/gems/actionpack-5.0.1/lib/action_dispatch/middleware/templates/rescues/_request_and_response.html.erb (1.3ms)
  Rendered /usr/local/var/rbenv/versions/2.3.1/lib/ruby/gems/2.3.0/gems/actionpack-5.0.1/lib/action_dispatch/middleware/templates/rescues/template_error.html.erb within rescues/layout (120.7ms)
Started GET "/movies/new" for ::1 at 2017-01-08 23:11:43 -0500
Processing by MoviesController#new as HTML
  Rendering movies/new.html.erb within layouts/application
  Rendered movies/new.html.erb within layouts/application (15.4ms)
Completed 500 Internal Server Error in 46ms (ActiveRecord: 0.0ms)


  
ActionView::Template::Error (Missing partial movies/_form, application/_form with {:locale=>[:en], :formats=>[:html], :variants=>[], :handlers=>[:raw, :erb, :html, :builder, :ruby, :coffee, :jbuilder]}. Searched in:
  * "/Users/frontlines3/fundamentals/Projects/Movie-Review-App/MovieReview-App/app/views"
):
    1: <h1>New Movie</h1>
    2: <%= render 'form' %>
  
app/views/movies/new.html.erb:2:in `_app_views_movies_new_html_erb___1172916274893414222_70337915164060'
  Rendering /usr/local/var/rbenv/versions/2.3.1/lib/ruby/gems/2.3.0/gems/actionpack-5.0.1/lib/action_dispatch/middleware/templates/rescues/template_error.html.erb within rescues/layout
  Rendering /usr/local/var/rbenv/versions/2.3.1/lib/ruby/gems/2.3.0/gems/actionpack-5.0.1/lib/action_dispatch/middleware/templates/rescues/_source.html.erb
  Rendered /usr/local/var/rbenv/versions/2.3.1/lib/ruby/gems/2.3.0/gems/actionpack-5.0.1/lib/action_dispatch/middleware/templates/rescues/_source.html.erb (6.8ms)
  Rendering /usr/local/var/rbenv/versions/2.3.1/lib/ruby/gems/2.3.0/gems/actionpack-5.0.1/lib/action_dispatch/middleware/templates/rescues/_trace.html.erb
  Rendered /usr/local/var/rbenv/versions/2.3.1/lib/ruby/gems/2.3.0/gems/actionpack-5.0.1/lib/action_dispatch/middleware/templates/rescues/_trace.html.erb (4.3ms)
  Rendering /usr/local/var/rbenv/versions/2.3.1/lib/ruby/gems/2.3.0/gems/actionpack-5.0.1/lib/action_dispatch/middleware/templates/rescues/_request_and_response.html.erb
  Rendered /usr/local/var/rbenv/versions/2.3.1/lib/ruby/gems/2.3.0/gems/actionpack-5.0.1/lib/action_dispatch/middleware/templates/rescues/_request_and_response.html.erb (1.7ms)
  Rendered /usr/local/var/rbenv/versions/2.3.1/lib/ruby/gems/2.3.0/gems/actionpack-5.0.1/lib/action_dispatch/middleware/templates/rescues/template_error.html.erb within rescues/layout (111.2ms)
Started GET "/movies/new" for ::1 at 2017-01-08 23:13:30 -0500
Processing by MoviesController#new as HTML
  Rendering movies/new.html.erb within layouts/application
  Rendered movies/new.html.erb within layouts/application (11.6ms)
Completed 500 Internal Server Error in 44ms (ActiveRecord: 0.0ms)


  
ActionView::Template::Error (':form' is not an ActiveModel-compatible object. It must implement :to_partial_path.):
    1: <h1>New Movie</h1>
    2: <%= render :form %>
  
app/views/movies/new.html.erb:2:in `_app_views_movies_new_html_erb___1172916274893414222_70337923599960'
  Rendering /usr/local/var/rbenv/versions/2.3.1/lib/ruby/gems/2.3.0/gems/actionpack-5.0.1/lib/action_dispatch/middleware/templates/rescues/template_error.html.erb within rescues/layout
  Rendering /usr/local/var/rbenv/versions/2.3.1/lib/ruby/gems/2.3.0/gems/actionpack-5.0.1/lib/action_dispatch/middleware/templates/rescues/_source.html.erb
  Rendered /usr/local/var/rbenv/versions/2.3.1/lib/ruby/gems/2.3.0/gems/actionpack-5.0.1/lib/action_dispatch/middleware/templates/rescues/_source.html.erb (13.6ms)
  Rendering /usr/local/var/rbenv/versions/2.3.1/lib/ruby/gems/2.3.0/gems/actionpack-5.0.1/lib/action_dispatch/middleware/templates/rescues/_trace.html.erb
  Rendered /usr/local/var/rbenv/versions/2.3.1/lib/ruby/gems/2.3.0/gems/actionpack-5.0.1/lib/action_dispatch/middleware/templates/rescues/_trace.html.erb (18.4ms)
  Rendering /usr/local/var/rbenv/versions/2.3.1/lib/ruby/gems/2.3.0/gems/actionpack-5.0.1/lib/action_dispatch/middleware/templates/rescues/_request_and_response.html.erb
  Rendered /usr/local/var/rbenv/versions/2.3.1/lib/ruby/gems/2.3.0/gems/actionpack-5.0.1/lib/action_dispatch/middleware/templates/rescues/_request_and_response.html.erb (4.8ms)
  Rendered /usr/local/var/rbenv/versions/2.3.1/lib/ruby/gems/2.3.0/gems/actionpack-5.0.1/lib/action_dispatch/middleware/templates/rescues/template_error.html.erb within rescues/layout (139.0ms)
Started GET "/movies/new" for ::1 at 2017-01-08 23:13:57 -0500
Processing by MoviesController#new as HTML
  Rendering movies/new.html.erb within layouts/application
  Rendered movies/new.html.erb within layouts/application (4.4ms)
Completed 500 Internal Server Error in 16ms (ActiveRecord: 0.0ms)


  
ActionView::Template::Error (':form' is not an ActiveModel-compatible object. It must implement :to_partial_path.):
    1: <h1>New Movie</h1>
    2: <%= render :'form' %>
  
app/views/movies/new.html.erb:2:in `_app_views_movies_new_html_erb___1172916274893414222_70337916470080'
  Rendering /usr/local/var/rbenv/versions/2.3.1/lib/ruby/gems/2.3.0/gems/actionpack-5.0.1/lib/action_dispatch/middleware/templates/rescues/template_error.html.erb within rescues/layout
  Rendering /usr/local/var/rbenv/versions/2.3.1/lib/ruby/gems/2.3.0/gems/actionpack-5.0.1/lib/action_dispatch/middleware/templates/rescues/_source.html.erb
  Rendered /usr/local/var/rbenv/versions/2.3.1/lib/ruby/gems/2.3.0/gems/actionpack-5.0.1/lib/action_dispatch/middleware/templates/rescues/_source.html.erb (20.4ms)
  Rendering /usr/local/var/rbenv/versions/2.3.1/lib/ruby/gems/2.3.0/gems/actionpack-5.0.1/lib/action_dispatch/middleware/templates/rescues/_trace.html.erb
  Rendered /usr/local/var/rbenv/versions/2.3.1/lib/ruby/gems/2.3.0/gems/actionpack-5.0.1/lib/action_dispatch/middleware/templates/rescues/_trace.html.erb (5.6ms)
  Rendering /usr/local/var/rbenv/versions/2.3.1/lib/ruby/gems/2.3.0/gems/actionpack-5.0.1/lib/action_dispatch/middleware/templates/rescues/_request_and_response.html.erb
  Rendered /usr/local/var/rbenv/versions/2.3.1/lib/ruby/gems/2.3.0/gems/actionpack-5.0.1/lib/action_dispatch/middleware/templates/rescues/_request_and_response.html.erb (1.6ms)
  Rendered /usr/local/var/rbenv/versions/2.3.1/lib/ruby/gems/2.3.0/gems/actionpack-5.0.1/lib/action_dispatch/middleware/templates/rescues/template_error.html.erb within rescues/layout (137.6ms)
Started GET "/movies/new" for ::1 at 2017-01-08 23:14:20 -0500
Processing by MoviesController#new as HTML
  Rendering movies/new.html.erb within layouts/application
  Rendered movies/new.html.erb within layouts/application (3.7ms)
Completed 500 Internal Server Error in 18ms (ActiveRecord: 0.0ms)


  
ActionView::Template::Error (':to_partial_path' is not an ActiveModel-compatible object. It must implement :to_partial_path.):
    1: <h1>New Movie</h1>
    2: <%= render :to_partial_path %>
  
app/views/movies/new.html.erb:2:in `_app_views_movies_new_html_erb___1172916274893414222_70337917289680'
  Rendering /usr/local/var/rbenv/versions/2.3.1/lib/ruby/gems/2.3.0/gems/actionpack-5.0.1/lib/action_dispatch/middleware/templates/rescues/template_error.html.erb within rescues/layout
  Rendering /usr/local/var/rbenv/versions/2.3.1/lib/ruby/gems/2.3.0/gems/actionpack-5.0.1/lib/action_dispatch/middleware/templates/rescues/_source.html.erb
  Rendered /usr/local/var/rbenv/versions/2.3.1/lib/ruby/gems/2.3.0/gems/actionpack-5.0.1/lib/action_dispatch/middleware/templates/rescues/_source.html.erb (10.5ms)
  Rendering /usr/local/var/rbenv/versions/2.3.1/lib/ruby/gems/2.3.0/gems/actionpack-5.0.1/lib/action_dispatch/middleware/templates/rescues/_trace.html.erb
  Rendered /usr/local/var/rbenv/versions/2.3.1/lib/ruby/gems/2.3.0/gems/actionpack-5.0.1/lib/action_dispatch/middleware/templates/rescues/_trace.html.erb (3.8ms)
  Rendering /usr/local/var/rbenv/versions/2.3.1/lib/ruby/gems/2.3.0/gems/actionpack-5.0.1/lib/action_dispatch/middleware/templates/rescues/_request_and_response.html.erb
  Rendered /usr/local/var/rbenv/versions/2.3.1/lib/ruby/gems/2.3.0/gems/actionpack-5.0.1/lib/action_dispatch/middleware/templates/rescues/_request_and_response.html.erb (1.6ms)
  Rendered /usr/local/var/rbenv/versions/2.3.1/lib/ruby/gems/2.3.0/gems/actionpack-5.0.1/lib/action_dispatch/middleware/templates/rescues/template_error.html.erb within rescues/layout (109.0ms)
Started GET "/movies/new" for ::1 at 2017-01-08 23:14:27 -0500
Processing by MoviesController#new as HTML
  Rendering movies/new.html.erb within layouts/application
  Rendered movies/new.html.erb within layouts/application (6.5ms)
Completed 500 Internal Server Error in 19ms (ActiveRecord: 0.0ms)


  
ActionView::Template::Error (':to_partial_path' is not an ActiveModel-compatible object. It must implement :to_partial_path.):
    1: <h1>New Movie</h1>
    2: <%= render :to_partial_path %>
  
app/views/movies/new.html.erb:2:in `_app_views_movies_new_html_erb___1172916274893414222_70337900760160'
  Rendering /usr/local/var/rbenv/versions/2.3.1/lib/ruby/gems/2.3.0/gems/actionpack-5.0.1/lib/action_dispatch/middleware/templates/rescues/template_error.html.erb within rescues/layout
  Rendering /usr/local/var/rbenv/versions/2.3.1/lib/ruby/gems/2.3.0/gems/actionpack-5.0.1/lib/action_dispatch/middleware/templates/rescues/_source.html.erb
  Rendered /usr/local/var/rbenv/versions/2.3.1/lib/ruby/gems/2.3.0/gems/actionpack-5.0.1/lib/action_dispatch/middleware/templates/rescues/_source.html.erb (14.3ms)
  Rendering /usr/local/var/rbenv/versions/2.3.1/lib/ruby/gems/2.3.0/gems/actionpack-5.0.1/lib/action_dispatch/middleware/templates/rescues/_trace.html.erb
  Rendered /usr/local/var/rbenv/versions/2.3.1/lib/ruby/gems/2.3.0/gems/actionpack-5.0.1/lib/action_dispatch/middleware/templates/rescues/_trace.html.erb (2.2ms)
  Rendering /usr/local/var/rbenv/versions/2.3.1/lib/ruby/gems/2.3.0/gems/actionpack-5.0.1/lib/action_dispatch/middleware/templates/rescues/_request_and_response.html.erb
  Rendered /usr/local/var/rbenv/versions/2.3.1/lib/ruby/gems/2.3.0/gems/actionpack-5.0.1/lib/action_dispatch/middleware/templates/rescues/_request_and_response.html.erb (1.0ms)
  Rendered /usr/local/var/rbenv/versions/2.3.1/lib/ruby/gems/2.3.0/gems/actionpack-5.0.1/lib/action_dispatch/middleware/templates/rescues/template_error.html.erb within rescues/layout (112.4ms)
Started GET "/movies/new" for ::1 at 2017-01-08 23:14:50 -0500
Processing by MoviesController#new as HTML
  Rendering movies/new.html.erb within layouts/application
  Rendered movies/new.html.erb within layouts/application (4.1ms)
Completed 500 Internal Server Error in 20ms (ActiveRecord: 0.0ms)


  
ActionView::Template::Error (':to_form_partial_path' is not an ActiveModel-compatible object. It must implement :to_partial_path.):
    1: <h1>New Movie</h1>
    2: <%= render :to_form_partial_path %>
  
app/views/movies/new.html.erb:2:in `_app_views_movies_new_html_erb___1172916274893414222_70337922283360'
  Rendering /usr/local/var/rbenv/versions/2.3.1/lib/ruby/gems/2.3.0/gems/actionpack-5.0.1/lib/action_dispatch/middleware/templates/rescues/template_error.html.erb within rescues/layout
  Rendering /usr/local/var/rbenv/versions/2.3.1/lib/ruby/gems/2.3.0/gems/actionpack-5.0.1/lib/action_dispatch/middleware/templates/rescues/_source.html.erb
  Rendered /usr/local/var/rbenv/versions/2.3.1/lib/ruby/gems/2.3.0/gems/actionpack-5.0.1/lib/action_dispatch/middleware/templates/rescues/_source.html.erb (11.5ms)
  Rendering /usr/local/var/rbenv/versions/2.3.1/lib/ruby/gems/2.3.0/gems/actionpack-5.0.1/lib/action_dispatch/middleware/templates/rescues/_trace.html.erb
  Rendered /usr/local/var/rbenv/versions/2.3.1/lib/ruby/gems/2.3.0/gems/actionpack-5.0.1/lib/action_dispatch/middleware/templates/rescues/_trace.html.erb (3.7ms)
  Rendering /usr/local/var/rbenv/versions/2.3.1/lib/ruby/gems/2.3.0/gems/actionpack-5.0.1/lib/action_dispatch/middleware/templates/rescues/_request_and_response.html.erb
  Rendered /usr/local/var/rbenv/versions/2.3.1/lib/ruby/gems/2.3.0/gems/actionpack-5.0.1/lib/action_dispatch/middleware/templates/rescues/_request_and_response.html.erb (1.7ms)
  Rendered /usr/local/var/rbenv/versions/2.3.1/lib/ruby/gems/2.3.0/gems/actionpack-5.0.1/lib/action_dispatch/middleware/templates/rescues/template_error.html.erb within rescues/layout (131.7ms)
Started GET "/movies/new" for ::1 at 2017-01-08 23:15:02 -0500
Processing by MoviesController#new as HTML
  Rendering movies/new.html.erb within layouts/application
  Rendered movies/new.html.erb within layouts/application (7.9ms)
Completed 500 Internal Server Error in 23ms (ActiveRecord: 0.0ms)


  
ActionView::Template::Error (Missing partial movies/_form, application/_form with {:locale=>[:en], :formats=>[:html], :variants=>[], :handlers=>[:raw, :erb, :html, :builder, :ruby, :coffee, :jbuilder]}. Searched in:
  * "/Users/frontlines3/fundamentals/Projects/Movie-Review-App/MovieReview-App/app/views"
):
    1: <h1>New Movie</h1>
    2: <%= render 'form' %>
  
app/views/movies/new.html.erb:2:in `_app_views_movies_new_html_erb___1172916274893414222_70337917978880'
  Rendering /usr/local/var/rbenv/versions/2.3.1/lib/ruby/gems/2.3.0/gems/actionpack-5.0.1/lib/action_dispatch/middleware/templates/rescues/template_error.html.erb within rescues/layout
  Rendering /usr/local/var/rbenv/versions/2.3.1/lib/ruby/gems/2.3.0/gems/actionpack-5.0.1/lib/action_dispatch/middleware/templates/rescues/_source.html.erb
  Rendered /usr/local/var/rbenv/versions/2.3.1/lib/ruby/gems/2.3.0/gems/actionpack-5.0.1/lib/action_dispatch/middleware/templates/rescues/_source.html.erb (9.8ms)
  Rendering /usr/local/var/rbenv/versions/2.3.1/lib/ruby/gems/2.3.0/gems/actionpack-5.0.1/lib/action_dispatch/middleware/templates/rescues/_trace.html.erb
  Rendered /usr/local/var/rbenv/versions/2.3.1/lib/ruby/gems/2.3.0/gems/actionpack-5.0.1/lib/action_dispatch/middleware/templates/rescues/_trace.html.erb (3.9ms)
  Rendering /usr/local/var/rbenv/versions/2.3.1/lib/ruby/gems/2.3.0/gems/actionpack-5.0.1/lib/action_dispatch/middleware/templates/rescues/_request_and_response.html.erb
  Rendered /usr/local/var/rbenv/versions/2.3.1/lib/ruby/gems/2.3.0/gems/actionpack-5.0.1/lib/action_dispatch/middleware/templates/rescues/_request_and_response.html.erb (1.5ms)
  Rendered /usr/local/var/rbenv/versions/2.3.1/lib/ruby/gems/2.3.0/gems/actionpack-5.0.1/lib/action_dispatch/middleware/templates/rescues/template_error.html.erb within rescues/layout (123.0ms)
  [1m[36mActiveRecord::SchemaMigration Load (0.8ms)[0m  [1m[34mSELECT "schema_migrations".* FROM "schema_migrations"[0m
  [1m[35m (20.1ms)[0m  [1m[34mSELECT "ar_internal_metadata"."value" FROM "ar_internal_metadata" WHERE "ar_internal_metadata"."key" = $1[0m  [["key", :environment]]
  [1m[36mActiveRecord::SchemaMigration Load (0.3ms)[0m  [1m[34mSELECT "schema_migrations".* FROM "schema_migrations"[0m
  [1m[35m (0.3ms)[0m  [1m[34mSELECT "ar_internal_metadata"."value" FROM "ar_internal_metadata" WHERE "ar_internal_metadata"."key" = $1[0m  [["key", :environment]]
  [1m[36mActiveRecord::SchemaMigration Load (0.3ms)[0m  [1m[34mSELECT "schema_migrations".* FROM "schema_migrations"[0m
  [1m[35m (0.2ms)[0m  [1m[34mSELECT "ar_internal_metadata"."value" FROM "ar_internal_metadata" WHERE "ar_internal_metadata"."key" = $1[0m  [["key", :environment]]
  [1m[35m (8546.1ms)[0m  [1m[35mDROP DATABASE IF EXISTS "Movie-Review-App_development"[0m
  [1m[35m (0.4ms)[0m  [1m[34mSELECT pg_try_advisory_lock(7650272522505945360);[0m
  [1m[36mActiveRecord::SchemaMigration Load (0.6ms)[0m  [1m[34mSELECT "schema_migrations".* FROM "schema_migrations"[0m
  [1m[36mActiveRecord::InternalMetadata Load (12.7ms)[0m  [1m[34mSELECT  "ar_internal_metadata".* FROM "ar_internal_metadata" WHERE "ar_internal_metadata"."key" = $1 LIMIT $2[0m  [["key", :environment], ["LIMIT", 1]]
  [1m[35m (0.2ms)[0m  [1m[35mBEGIN[0m
  [1m[35m (0.2ms)[0m  [1m[35mCOMMIT[0m
  [1m[35m (0.3ms)[0m  [1m[34mSELECT pg_advisory_unlock(7650272522505945360)[0m
  [1m[36mActiveRecord::SchemaMigration Load (0.3ms)[0m  [1m[34mSELECT "schema_migrations".* FROM "schema_migrations"[0m
  [1m[36mActiveRecord::SchemaMigration Load (0.2ms)[0m  [1m[34mSELECT "schema_migrations".* FROM "schema_migrations"[0m
  [1m[36mActiveRecord::SchemaMigration Load (4.2ms)[0m  [1m[34mSELECT "schema_migrations".* FROM "schema_migrations"[0m
  [1m[35m (0.3ms)[0m  [1m[34mSELECT "ar_internal_metadata"."value" FROM "ar_internal_metadata" WHERE "ar_internal_metadata"."key" = $1[0m  [["key", :environment]]
  [1m[36mActiveRecord::SchemaMigration Load (0.2ms)[0m  [1m[34mSELECT "schema_migrations".* FROM "schema_migrations"[0m
  [1m[35m (0.2ms)[0m  [1m[34mSELECT "ar_internal_metadata"."value" FROM "ar_internal_metadata" WHERE "ar_internal_metadata"."key" = $1[0m  [["key", :environment]]
  [1m[36mActiveRecord::SchemaMigration Load (0.2ms)[0m  [1m[34mSELECT "schema_migrations".* FROM "schema_migrations"[0m
  [1m[35m (0.2ms)[0m  [1m[34mSELECT "ar_internal_metadata"."value" FROM "ar_internal_metadata" WHERE "ar_internal_metadata"."key" = $1[0m  [["key", :environment]]
  [1m[35m (8523.0ms)[0m  [1m[35mDROP DATABASE IF EXISTS "Movie-Review-App_development"[0m
  [1m[35m (0.2ms)[0m  [1m[35mDROP DATABASE IF EXISTS "Movie-Review-App_development"[0m
  [1m[35m (0.2ms)[0m  [1m[35mDROP DATABASE IF EXISTS "Movie-Review-App_test"[0m
  [1m[35m (647.9ms)[0m  [1m[35mCREATE DATABASE "Movie-Review-App_development" ENCODING = 'unicode'[0m
  [1m[35m (401.7ms)[0m  [1m[35mCREATE DATABASE "Movie-Review-App_test" ENCODING = 'unicode'[0m
  [1m[35m (33.9ms)[0m  [1m[35mCREATE TABLE "schema_migrations" ("version" character varying PRIMARY KEY)[0m
  [1m[35m (21.3ms)[0m  [1m[35mCREATE TABLE "ar_internal_metadata" ("key" character varying PRIMARY KEY, "value" character varying, "created_at" timestamp NOT NULL, "updated_at" timestamp NOT NULL)[0m
  [1m[35m (0.5ms)[0m  [1m[34mSELECT pg_try_advisory_lock(7650272522505945360);[0m
  [1m[36mActiveRecord::SchemaMigration Load (0.6ms)[0m  [1m[34mSELECT "schema_migrations".* FROM "schema_migrations"[0m
Migrating to CreateMovies (20170108195435)
  [1m[35m (0.2ms)[0m  [1m[35mBEGIN[0m
  [1m[35m (28.0ms)[0m  [1m[35mCREATE TABLE "movies" ("id" serial primary key, "title" character varying, "description" text, "director" character varying, "created_at" timestamp NOT NULL, "updated_at" timestamp NOT NULL)[0m
  [1m[35mSQL (24.8ms)[0m  [1m[32mINSERT INTO "schema_migrations" ("version") VALUES ($1) RETURNING "version"[0m  [["version", "20170108195435"]]
  [1m[35m (0.6ms)[0m  [1m[35mCOMMIT[0m
Migrating to CreateReviews (20170109013858)
  [1m[35m (11.7ms)[0m  [1m[35mBEGIN[0m
  [1m[35m (14.5ms)[0m  [1m[35mCREATE TABLE "reviews" ("id" serial primary key, "raing" integer, "description" text, "created_at" timestamp NOT NULL, "updated_at" timestamp NOT NULL)[0m
  [1m[35mSQL (0.4ms)[0m  [1m[32mINSERT INTO "schema_migrations" ("version") VALUES ($1) RETURNING "version"[0m  [["version", "20170109013858"]]
  [1m[35m (0.6ms)[0m  [1m[35mCOMMIT[0m
  [1m[36mActiveRecord::InternalMetadata Load (0.4ms)[0m  [1m[34mSELECT  "ar_internal_metadata".* FROM "ar_internal_metadata" WHERE "ar_internal_metadata"."key" = $1 LIMIT $2[0m  [["key", :environment], ["LIMIT", 1]]
  [1m[35m (0.2ms)[0m  [1m[35mBEGIN[0m
  [1m[35mSQL (1.1ms)[0m  [1m[32mINSERT INTO "ar_internal_metadata" ("key", "value", "created_at", "updated_at") VALUES ($1, $2, $3, $4) RETURNING "key"[0m  [["key", "environment"], ["value", "development"], ["created_at", 2017-01-09 04:25:31 UTC], ["updated_at", 2017-01-09 04:25:31 UTC]]
  [1m[35m (0.5ms)[0m  [1m[35mCOMMIT[0m
  [1m[35m (0.2ms)[0m  [1m[34mSELECT pg_advisory_unlock(7650272522505945360)[0m
  [1m[36mActiveRecord::SchemaMigration Load (0.2ms)[0m  [1m[34mSELECT "schema_migrations".* FROM "schema_migrations"[0m
  [1m[36mActiveRecord::SchemaMigration Load (0.2ms)[0m  [1m[34mSELECT "schema_migrations".* FROM "schema_migrations"[0m
Started GET "/movies/new" for ::1 at 2017-01-08 23:25:58 -0500
  [1m[36mActiveRecord::SchemaMigration Load (0.6ms)[0m  [1m[34mSELECT "schema_migrations".* FROM "schema_migrations"[0m
Processing by MoviesController#new as HTML
  Rendering movies/new.html.erb within layouts/application
  Rendered movies/new.html.erb within layouts/application (15.3ms)
Completed 500 Internal Server Error in 68ms (ActiveRecord: 4.1ms)


  
ActionView::Template::Error (Missing partial movies/_form, application/_form with {:locale=>[:en], :formats=>[:html], :variants=>[], :handlers=>[:raw, :erb, :html, :builder, :ruby, :coffee, :jbuilder]}. Searched in:
  * "/Users/frontlines3/fundamentals/Projects/Movie-Review-App/MovieReview-App/app/views"
):
    1: <h1>New Movie</h1>
    2: <%= render 'form' %>
  
app/views/movies/new.html.erb:2:in `_app_views_movies_new_html_erb___1032078779384345533_70224045577480'
  Rendering /usr/local/var/rbenv/versions/2.3.1/lib/ruby/gems/2.3.0/gems/actionpack-5.0.1/lib/action_dispatch/middleware/templates/rescues/template_error.html.erb within rescues/layout
  Rendering /usr/local/var/rbenv/versions/2.3.1/lib/ruby/gems/2.3.0/gems/actionpack-5.0.1/lib/action_dispatch/middleware/templates/rescues/_source.html.erb
  Rendered /usr/local/var/rbenv/versions/2.3.1/lib/ruby/gems/2.3.0/gems/actionpack-5.0.1/lib/action_dispatch/middleware/templates/rescues/_source.html.erb (5.6ms)
  Rendering /usr/local/var/rbenv/versions/2.3.1/lib/ruby/gems/2.3.0/gems/actionpack-5.0.1/lib/action_dispatch/middleware/templates/rescues/_trace.html.erb
  Rendered /usr/local/var/rbenv/versions/2.3.1/lib/ruby/gems/2.3.0/gems/actionpack-5.0.1/lib/action_dispatch/middleware/templates/rescues/_trace.html.erb (3.2ms)
  Rendering /usr/local/var/rbenv/versions/2.3.1/lib/ruby/gems/2.3.0/gems/actionpack-5.0.1/lib/action_dispatch/middleware/templates/rescues/_request_and_response.html.erb
  Rendered /usr/local/var/rbenv/versions/2.3.1/lib/ruby/gems/2.3.0/gems/actionpack-5.0.1/lib/action_dispatch/middleware/templates/rescues/_request_and_response.html.erb (1.5ms)
  Rendered /usr/local/var/rbenv/versions/2.3.1/lib/ruby/gems/2.3.0/gems/actionpack-5.0.1/lib/action_dispatch/middleware/templates/rescues/template_error.html.erb within rescues/layout (123.9ms)
Started GET "/movies/new" for ::1 at 2017-01-08 23:27:11 -0500
Processing by MoviesController#new as HTML
Completed 406 Not Acceptable in 136ms (ActiveRecord: 0.0ms)


  
ActionController::UnknownFormat (MoviesController#new is missing a template for this request format and variant.

request.formats: ["text/html"]
request.variant: []

NOTE! For XHR/Ajax or API requests, this action would normally respond with 204 No Content: an empty white screen. Since you're loading it in a web browser, we assume that you expected to actually render a template, not nothing, so we're showing an error to be extra-clear. If you expect 204 No Content, carry on. That's what you'll get from an XHR or API request. Give it a shot.):
  
actionpack (5.0.1) lib/action_controller/metal/implicit_render.rb:56:in `default_render'
actionpack (5.0.1) lib/action_controller/metal/basic_implicit_render.rb:4:in `block in send_action'
actionpack (5.0.1) lib/action_controller/metal/basic_implicit_render.rb:4:in `tap'
actionpack (5.0.1) lib/action_controller/metal/basic_implicit_render.rb:4:in `send_action'
actionpack (5.0.1) lib/abstract_controller/base.rb:188:in `process_action'
actionpack (5.0.1) lib/action_controller/metal/rendering.rb:30:in `process_action'
actionpack (5.0.1) lib/abstract_controller/callbacks.rb:20:in `block in process_action'
activesupport (5.0.1) lib/active_support/callbacks.rb:126:in `call'
activesupport (5.0.1) lib/active_support/callbacks.rb:506:in `block (2 levels) in compile'
activesupport (5.0.1) lib/active_support/callbacks.rb:455:in `call'
activesupport (5.0.1) lib/active_support/callbacks.rb:101:in `__run_callbacks__'
activesupport (5.0.1) lib/active_support/callbacks.rb:750:in `_run_process_action_callbacks'
activesupport (5.0.1) lib/active_support/callbacks.rb:90:in `run_callbacks'
actionpack (5.0.1) lib/abstract_controller/callbacks.rb:19:in `process_action'
actionpack (5.0.1) lib/action_controller/metal/rescue.rb:20:in `process_action'
actionpack (5.0.1) lib/action_controller/metal/instrumentation.rb:32:in `block in process_action'
activesupport (5.0.1) lib/active_support/notifications.rb:164:in `block in instrument'
activesupport (5.0.1) lib/active_support/notifications/instrumenter.rb:21:in `instrument'
activesupport (5.0.1) lib/active_support/notifications.rb:164:in `instrument'
actionpack (5.0.1) lib/action_controller/metal/instrumentation.rb:30:in `process_action'
actionpack (5.0.1) lib/action_controller/metal/params_wrapper.rb:248:in `process_action'
activerecord (5.0.1) lib/active_record/railties/controller_runtime.rb:18:in `process_action'
actionpack (5.0.1) lib/abstract_controller/base.rb:126:in `process'
actionview (5.0.1) lib/action_view/rendering.rb:30:in `process'
actionpack (5.0.1) lib/action_controller/metal.rb:190:in `dispatch'
actionpack (5.0.1) lib/action_controller/metal.rb:262:in `dispatch'
actionpack (5.0.1) lib/action_dispatch/routing/route_set.rb:50:in `dispatch'
actionpack (5.0.1) lib/action_dispatch/routing/route_set.rb:32:in `serve'
actionpack (5.0.1) lib/action_dispatch/journey/router.rb:39:in `block in serve'
actionpack (5.0.1) lib/action_dispatch/journey/router.rb:26:in `each'
actionpack (5.0.1) lib/action_dispatch/journey/router.rb:26:in `serve'
actionpack (5.0.1) lib/action_dispatch/routing/route_set.rb:725:in `call'
rack (2.0.1) lib/rack/etag.rb:25:in `call'
rack (2.0.1) lib/rack/conditional_get.rb:25:in `call'
rack (2.0.1) lib/rack/head.rb:12:in `call'
rack (2.0.1) lib/rack/session/abstract/id.rb:222:in `context'
rack (2.0.1) lib/rack/session/abstract/id.rb:216:in `call'
actionpack (5.0.1) lib/action_dispatch/middleware/cookies.rb:613:in `call'
activerecord (5.0.1) lib/active_record/migration.rb:553:in `call'
actionpack (5.0.1) lib/action_dispatch/middleware/callbacks.rb:38:in `block in call'
activesupport (5.0.1) lib/active_support/callbacks.rb:97:in `__run_callbacks__'
activesupport (5.0.1) lib/active_support/callbacks.rb:750:in `_run_call_callbacks'
activesupport (5.0.1) lib/active_support/callbacks.rb:90:in `run_callbacks'
actionpack (5.0.1) lib/action_dispatch/middleware/callbacks.rb:36:in `call'
actionpack (5.0.1) lib/action_dispatch/middleware/executor.rb:12:in `call'
actionpack (5.0.1) lib/action_dispatch/middleware/remote_ip.rb:79:in `call'
actionpack (5.0.1) lib/action_dispatch/middleware/debug_exceptions.rb:49:in `call'
web-console (3.4.0) lib/web_console/middleware.rb:135:in `call_app'
web-console (3.4.0) lib/web_console/middleware.rb:28:in `block in call'
web-console (3.4.0) lib/web_console/middleware.rb:18:in `catch'
web-console (3.4.0) lib/web_console/middleware.rb:18:in `call'
actionpack (5.0.1) lib/action_dispatch/middleware/show_exceptions.rb:31:in `call'
railties (5.0.1) lib/rails/rack/logger.rb:36:in `call_app'
railties (5.0.1) lib/rails/rack/logger.rb:24:in `block in call'
activesupport (5.0.1) lib/active_support/tagged_logging.rb:69:in `block in tagged'
activesupport (5.0.1) lib/active_support/tagged_logging.rb:26:in `tagged'
activesupport (5.0.1) lib/active_support/tagged_logging.rb:69:in `tagged'
railties (5.0.1) lib/rails/rack/logger.rb:24:in `call'
sprockets-rails (3.2.0) lib/sprockets/rails/quiet_assets.rb:13:in `call'
actionpack (5.0.1) lib/action_dispatch/middleware/request_id.rb:24:in `call'
rack (2.0.1) lib/rack/method_override.rb:22:in `call'
rack (2.0.1) lib/rack/runtime.rb:22:in `call'
activesupport (5.0.1) lib/active_support/cache/strategy/local_cache_middleware.rb:28:in `call'
actionpack (5.0.1) lib/action_dispatch/middleware/executor.rb:12:in `call'
actionpack (5.0.1) lib/action_dispatch/middleware/static.rb:136:in `call'
rack (2.0.1) lib/rack/sendfile.rb:111:in `call'
railties (5.0.1) lib/rails/engine.rb:522:in `call'
puma (3.6.2) lib/puma/configuration.rb:225:in `call'
puma (3.6.2) lib/puma/server.rb:578:in `handle_request'
puma (3.6.2) lib/puma/server.rb:415:in `process_client'
puma (3.6.2) lib/puma/server.rb:275:in `block in run'
puma (3.6.2) lib/puma/thread_pool.rb:116:in `block in spawn_thread'
  Rendering /usr/local/var/rbenv/versions/2.3.1/lib/ruby/gems/2.3.0/gems/actionpack-5.0.1/lib/action_dispatch/middleware/templates/rescues/diagnostics.html.erb within rescues/layout
  Rendering /usr/local/var/rbenv/versions/2.3.1/lib/ruby/gems/2.3.0/gems/actionpack-5.0.1/lib/action_dispatch/middleware/templates/rescues/_source.html.erb
  Rendered /usr/local/var/rbenv/versions/2.3.1/lib/ruby/gems/2.3.0/gems/actionpack-5.0.1/lib/action_dispatch/middleware/templates/rescues/_source.html.erb (5.9ms)
  Rendering /usr/local/var/rbenv/versions/2.3.1/lib/ruby/gems/2.3.0/gems/actionpack-5.0.1/lib/action_dispatch/middleware/templates/rescues/_trace.html.erb
  Rendered /usr/local/var/rbenv/versions/2.3.1/lib/ruby/gems/2.3.0/gems/actionpack-5.0.1/lib/action_dispatch/middleware/templates/rescues/_trace.html.erb (2.6ms)
  Rendering /usr/local/var/rbenv/versions/2.3.1/lib/ruby/gems/2.3.0/gems/actionpack-5.0.1/lib/action_dispatch/middleware/templates/rescues/_request_and_response.html.erb
  Rendered /usr/local/var/rbenv/versions/2.3.1/lib/ruby/gems/2.3.0/gems/actionpack-5.0.1/lib/action_dispatch/middleware/templates/rescues/_request_and_response.html.erb (1.3ms)
  Rendered /usr/local/var/rbenv/versions/2.3.1/lib/ruby/gems/2.3.0/gems/actionpack-5.0.1/lib/action_dispatch/middleware/templates/rescues/diagnostics.html.erb within rescues/layout (121.1ms)
Started GET "/movies/new" for ::1 at 2017-01-08 23:27:33 -0500
Processing by MoviesController#new as HTML
  Rendering movies/new.html.erb within layouts/application
  Rendered movies/new.html.erb within layouts/application (7.2ms)
Completed 500 Internal Server Error in 18ms (ActiveRecord: 0.0ms)


  
ActionView::Template::Error (Missing partial movies/_form, application/_form with {:locale=>[:en], :formats=>[:html], :variants=>[], :handlers=>[:raw, :erb, :html, :builder, :ruby, :coffee, :jbuilder]}. Searched in:
  * "/Users/frontlines3/fundamentals/Projects/Movie-Review-App/MovieReview-App/app/views"
):
    1: <h1>New Movie</h1>
    2: <%= render 'form' %>
  
app/views/movies/new.html.erb:2:in `_app_views_movies_new_html_erb___1032078779384345533_70224074512780'
  Rendering /usr/local/var/rbenv/versions/2.3.1/lib/ruby/gems/2.3.0/gems/actionpack-5.0.1/lib/action_dispatch/middleware/templates/rescues/template_error.html.erb within rescues/layout
  Rendering /usr/local/var/rbenv/versions/2.3.1/lib/ruby/gems/2.3.0/gems/actionpack-5.0.1/lib/action_dispatch/middleware/templates/rescues/_source.html.erb
  Rendered /usr/local/var/rbenv/versions/2.3.1/lib/ruby/gems/2.3.0/gems/actionpack-5.0.1/lib/action_dispatch/middleware/templates/rescues/_source.html.erb (6.0ms)
  Rendering /usr/local/var/rbenv/versions/2.3.1/lib/ruby/gems/2.3.0/gems/actionpack-5.0.1/lib/action_dispatch/middleware/templates/rescues/_trace.html.erb
  Rendered /usr/local/var/rbenv/versions/2.3.1/lib/ruby/gems/2.3.0/gems/actionpack-5.0.1/lib/action_dispatch/middleware/templates/rescues/_trace.html.erb (2.1ms)
  Rendering /usr/local/var/rbenv/versions/2.3.1/lib/ruby/gems/2.3.0/gems/actionpack-5.0.1/lib/action_dispatch/middleware/templates/rescues/_request_and_response.html.erb
  Rendered /usr/local/var/rbenv/versions/2.3.1/lib/ruby/gems/2.3.0/gems/actionpack-5.0.1/lib/action_dispatch/middleware/templates/rescues/_request_and_response.html.erb (1.1ms)
  Rendered /usr/local/var/rbenv/versions/2.3.1/lib/ruby/gems/2.3.0/gems/actionpack-5.0.1/lib/action_dispatch/middleware/templates/rescues/template_error.html.erb within rescues/layout (108.1ms)
Started GET "/movies/new" for ::1 at 2017-01-08 23:28:09 -0500
Processing by MoviesController#new as HTML
  Rendering movies/new.html.erb within layouts/application
  Rendered movies/new.html.erb within layouts/application (7.8ms)
Completed 500 Internal Server Error in 20ms (ActiveRecord: 0.0ms)


  
ActionView::Template::Error (Missing partial movies/_form, application/_form with {:locale=>[:en], :formats=>[:html], :variants=>[], :handlers=>[:raw, :erb, :html, :builder, :ruby, :coffee, :jbuilder]}. Searched in:
  * "/Users/frontlines3/fundamentals/Projects/Movie-Review-App/MovieReview-App/app/views"
):
    1: <h1>New Movie</h1>
    2: <%= render "form" %>
  
app/views/movies/new.html.erb:2:in `_app_views_movies_new_html_erb___1032078779384345533_70224044200420'
  Rendering /usr/local/var/rbenv/versions/2.3.1/lib/ruby/gems/2.3.0/gems/actionpack-5.0.1/lib/action_dispatch/middleware/templates/rescues/template_error.html.erb within rescues/layout
  Rendering /usr/local/var/rbenv/versions/2.3.1/lib/ruby/gems/2.3.0/gems/actionpack-5.0.1/lib/action_dispatch/middleware/templates/rescues/_source.html.erb
  Rendered /usr/local/var/rbenv/versions/2.3.1/lib/ruby/gems/2.3.0/gems/actionpack-5.0.1/lib/action_dispatch/middleware/templates/rescues/_source.html.erb (6.0ms)
  Rendering /usr/local/var/rbenv/versions/2.3.1/lib/ruby/gems/2.3.0/gems/actionpack-5.0.1/lib/action_dispatch/middleware/templates/rescues/_trace.html.erb
  Rendered /usr/local/var/rbenv/versions/2.3.1/lib/ruby/gems/2.3.0/gems/actionpack-5.0.1/lib/action_dispatch/middleware/templates/rescues/_trace.html.erb (2.8ms)
  Rendering /usr/local/var/rbenv/versions/2.3.1/lib/ruby/gems/2.3.0/gems/actionpack-5.0.1/lib/action_dispatch/middleware/templates/rescues/_request_and_response.html.erb
  Rendered /usr/local/var/rbenv/versions/2.3.1/lib/ruby/gems/2.3.0/gems/actionpack-5.0.1/lib/action_dispatch/middleware/templates/rescues/_request_and_response.html.erb (1.4ms)
  Rendered /usr/local/var/rbenv/versions/2.3.1/lib/ruby/gems/2.3.0/gems/actionpack-5.0.1/lib/action_dispatch/middleware/templates/rescues/template_error.html.erb within rescues/layout (113.9ms)
Started GET "/movies/new" for ::1 at 2017-01-08 23:30:07 -0500
Processing by MoviesController#new as HTML
  Rendering movies/new.html.erb within layouts/application
  Rendered movies/new.html.erb within layouts/application (15.7ms)
Completed 500 Internal Server Error in 42ms (ActiveRecord: 0.0ms)


  
ActionView::Template::Error (Missing partial movies/_form, application/_form with {:locale=>[:en], :formats=>[:html], :variants=>[], :handlers=>[:raw, :erb, :html, :builder, :ruby, :coffee, :jbuilder]}. Searched in:
  * "/Users/frontlines3/fundamentals/Projects/Movie-Review-App/MovieReview-App/app/views"
):
    1: <h1>New Movie</h1>
    2: <%= render partial: "form" %>
  
app/views/movies/new.html.erb:2:in `_app_views_movies_new_html_erb___1032078779384345533_70224053025640'
  Rendering /usr/local/var/rbenv/versions/2.3.1/lib/ruby/gems/2.3.0/gems/actionpack-5.0.1/lib/action_dispatch/middleware/templates/rescues/template_error.html.erb within rescues/layout
  Rendering /usr/local/var/rbenv/versions/2.3.1/lib/ruby/gems/2.3.0/gems/actionpack-5.0.1/lib/action_dispatch/middleware/templates/rescues/_source.html.erb
  Rendered /usr/local/var/rbenv/versions/2.3.1/lib/ruby/gems/2.3.0/gems/actionpack-5.0.1/lib/action_dispatch/middleware/templates/rescues/_source.html.erb (9.1ms)
  Rendering /usr/local/var/rbenv/versions/2.3.1/lib/ruby/gems/2.3.0/gems/actionpack-5.0.1/lib/action_dispatch/middleware/templates/rescues/_trace.html.erb
  Rendered /usr/local/var/rbenv/versions/2.3.1/lib/ruby/gems/2.3.0/gems/actionpack-5.0.1/lib/action_dispatch/middleware/templates/rescues/_trace.html.erb (2.7ms)
  Rendering /usr/local/var/rbenv/versions/2.3.1/lib/ruby/gems/2.3.0/gems/actionpack-5.0.1/lib/action_dispatch/middleware/templates/rescues/_request_and_response.html.erb
  Rendered /usr/local/var/rbenv/versions/2.3.1/lib/ruby/gems/2.3.0/gems/actionpack-5.0.1/lib/action_dispatch/middleware/templates/rescues/_request_and_response.html.erb (1.7ms)
  Rendered /usr/local/var/rbenv/versions/2.3.1/lib/ruby/gems/2.3.0/gems/actionpack-5.0.1/lib/action_dispatch/middleware/templates/rescues/template_error.html.erb within rescues/layout (107.8ms)
Started GET "/movies/new" for ::1 at 2017-01-08 23:35:17 -0500
Processing by MoviesController#new as HTML
  Rendering movies/new.html.erb within layouts/application
  Rendered movies/new.html.erb within layouts/application (14.6ms)
Completed 500 Internal Server Error in 41ms (ActiveRecord: 0.0ms)


  
ActionView::Template::Error (Missing partial movies/_form, application/_form with {:locale=>[:en], :formats=>[:html], :variants=>[], :handlers=>[:raw, :erb, :html, :builder, :ruby, :coffee, :jbuilder]}. Searched in:
  * "/Users/frontlines3/fundamentals/Projects/Movie-Review-App/MovieReview-App/app/views"
):
    1: <h1>New Movie</h1>
    2: <%= render partial: "form" %>
  
app/views/movies/new.html.erb:2:in `_app_views_movies_new_html_erb___1032078779384345533_70224043528280'
  Rendering /usr/local/var/rbenv/versions/2.3.1/lib/ruby/gems/2.3.0/gems/actionpack-5.0.1/lib/action_dispatch/middleware/templates/rescues/template_error.html.erb within rescues/layout
  Rendering /usr/local/var/rbenv/versions/2.3.1/lib/ruby/gems/2.3.0/gems/actionpack-5.0.1/lib/action_dispatch/middleware/templates/rescues/_source.html.erb
  Rendered /usr/local/var/rbenv/versions/2.3.1/lib/ruby/gems/2.3.0/gems/actionpack-5.0.1/lib/action_dispatch/middleware/templates/rescues/_source.html.erb (9.6ms)
  Rendering /usr/local/var/rbenv/versions/2.3.1/lib/ruby/gems/2.3.0/gems/actionpack-5.0.1/lib/action_dispatch/middleware/templates/rescues/_trace.html.erb
  Rendered /usr/local/var/rbenv/versions/2.3.1/lib/ruby/gems/2.3.0/gems/actionpack-5.0.1/lib/action_dispatch/middleware/templates/rescues/_trace.html.erb (2.6ms)
  Rendering /usr/local/var/rbenv/versions/2.3.1/lib/ruby/gems/2.3.0/gems/actionpack-5.0.1/lib/action_dispatch/middleware/templates/rescues/_request_and_response.html.erb
  Rendered /usr/local/var/rbenv/versions/2.3.1/lib/ruby/gems/2.3.0/gems/actionpack-5.0.1/lib/action_dispatch/middleware/templates/rescues/_request_and_response.html.erb (1.5ms)
  Rendered /usr/local/var/rbenv/versions/2.3.1/lib/ruby/gems/2.3.0/gems/actionpack-5.0.1/lib/action_dispatch/middleware/templates/rescues/template_error.html.erb within rescues/layout (129.8ms)
Started GET "/movies/new" for ::1 at 2017-01-08 23:37:14 -0500
Processing by MoviesController#new as HTML
  Rendering movies/new.html.erb within layouts/application
  Rendered movies/new.html.erb within layouts/application (16.7ms)
Completed 500 Internal Server Error in 51ms (ActiveRecord: 0.0ms)


  
ActionView::Template::Error (Missing partial movies/_form, application/_form with {:locale=>[:en], :formats=>[:html], :variants=>[], :handlers=>[:raw, :erb, :html, :builder, :ruby, :coffee, :jbuilder]}. Searched in:
  * "/Users/frontlines3/fundamentals/Projects/Movie-Review-App/MovieReview-App/app/views"
):
    1: <h1>New Movie</h1>
    2: 
    3: <%= render 'form' %>
  
app/views/movies/new.html.erb:3:in `_app_views_movies_new_html_erb___1032078779384345533_70224051757720'
  Rendering /usr/local/var/rbenv/versions/2.3.1/lib/ruby/gems/2.3.0/gems/actionpack-5.0.1/lib/action_dispatch/middleware/templates/rescues/template_error.html.erb within rescues/layout
  Rendering /usr/local/var/rbenv/versions/2.3.1/lib/ruby/gems/2.3.0/gems/actionpack-5.0.1/lib/action_dispatch/middleware/templates/rescues/_source.html.erb
  Rendered /usr/local/var/rbenv/versions/2.3.1/lib/ruby/gems/2.3.0/gems/actionpack-5.0.1/lib/action_dispatch/middleware/templates/rescues/_source.html.erb (7.2ms)
  Rendering /usr/local/var/rbenv/versions/2.3.1/lib/ruby/gems/2.3.0/gems/actionpack-5.0.1/lib/action_dispatch/middleware/templates/rescues/_trace.html.erb
  Rendered /usr/local/var/rbenv/versions/2.3.1/lib/ruby/gems/2.3.0/gems/actionpack-5.0.1/lib/action_dispatch/middleware/templates/rescues/_trace.html.erb (3.4ms)
  Rendering /usr/local/var/rbenv/versions/2.3.1/lib/ruby/gems/2.3.0/gems/actionpack-5.0.1/lib/action_dispatch/middleware/templates/rescues/_request_and_response.html.erb
  Rendered /usr/local/var/rbenv/versions/2.3.1/lib/ruby/gems/2.3.0/gems/actionpack-5.0.1/lib/action_dispatch/middleware/templates/rescues/_request_and_response.html.erb (1.2ms)
  Rendered /usr/local/var/rbenv/versions/2.3.1/lib/ruby/gems/2.3.0/gems/actionpack-5.0.1/lib/action_dispatch/middleware/templates/rescues/template_error.html.erb within rescues/layout (100.1ms)
Started GET "/movies/new" for ::1 at 2017-01-08 23:38:01 -0500
Processing by MoviesController#new as HTML
  Rendering movies/new.html.erb within layouts/application
  Rendered movies/new.html.erb within layouts/application (12.6ms)
Completed 500 Internal Server Error in 39ms (ActiveRecord: 0.0ms)


  
ActionView::Template::Error (Missing partial movies/_form, application/_form with {:locale=>[:en], :formats=>[:html], :variants=>[], :handlers=>[:raw, :erb, :html, :builder, :ruby, :coffee, :jbuilder]}. Searched in:
  * "/Users/frontlines3/fundamentals/Projects/Movie-Review-App/MovieReview-App/app/views"
):
    1: <h1>New Movie</h1>
    2: 
    3: <%= render 'form' %>
  
app/views/movies/new.html.erb:3:in `_app_views_movies_new_html_erb___1032078779384345533_70224050743600'
  Rendering /usr/local/var/rbenv/versions/2.3.1/lib/ruby/gems/2.3.0/gems/actionpack-5.0.1/lib/action_dispatch/middleware/templates/rescues/template_error.html.erb within rescues/layout
  Rendering /usr/local/var/rbenv/versions/2.3.1/lib/ruby/gems/2.3.0/gems/actionpack-5.0.1/lib/action_dispatch/middleware/templates/rescues/_source.html.erb
  Rendered /usr/local/var/rbenv/versions/2.3.1/lib/ruby/gems/2.3.0/gems/actionpack-5.0.1/lib/action_dispatch/middleware/templates/rescues/_source.html.erb (7.4ms)
  Rendering /usr/local/var/rbenv/versions/2.3.1/lib/ruby/gems/2.3.0/gems/actionpack-5.0.1/lib/action_dispatch/middleware/templates/rescues/_trace.html.erb
  Rendered /usr/local/var/rbenv/versions/2.3.1/lib/ruby/gems/2.3.0/gems/actionpack-5.0.1/lib/action_dispatch/middleware/templates/rescues/_trace.html.erb (3.2ms)
  Rendering /usr/local/var/rbenv/versions/2.3.1/lib/ruby/gems/2.3.0/gems/actionpack-5.0.1/lib/action_dispatch/middleware/templates/rescues/_request_and_response.html.erb
  Rendered /usr/local/var/rbenv/versions/2.3.1/lib/ruby/gems/2.3.0/gems/actionpack-5.0.1/lib/action_dispatch/middleware/templates/rescues/_request_and_response.html.erb (1.3ms)
  Rendered /usr/local/var/rbenv/versions/2.3.1/lib/ruby/gems/2.3.0/gems/actionpack-5.0.1/lib/action_dispatch/middleware/templates/rescues/template_error.html.erb within rescues/layout (108.7ms)
Started GET "/movies/new" for ::1 at 2017-01-08 23:38:27 -0500
Processing by MoviesController#new as HTML
  Rendering movies/new.html.erb within layouts/application
  Rendered movies/_form.html.erb (1.6ms)
  Rendered movies/new.html.erb within layouts/application (4.6ms)
Completed 500 Internal Server Error in 14ms (ActiveRecord: 0.0ms)


  
SyntaxError (/Users/frontlines3/fundamentals/Projects/Movie-Review-App/MovieReview-App/app/views/movies/_form.html.erb:6: syntax error, unexpected keyword_end
'.freeze;@output_buffer.append=( end );@output_buffer.safe_append='
                                    ^
/Users/frontlines3/fundamentals/Projects/Movie-Review-App/MovieReview-App/app/views/movies/_form.html.erb:8: syntax error, unexpected keyword_ensure, expecting ')'
/Users/frontlines3/fundamentals/Projects/Movie-Review-App/MovieReview-App/app/views/movies/_form.html.erb:10: syntax error, unexpected keyword_end, expecting ')'):
  
app/views/movies/_form.html.erb:6: syntax error, unexpected keyword_end
app/views/movies/_form.html.erb:8: syntax error, unexpected keyword_ensure, expecting ')'
app/views/movies/_form.html.erb:10: syntax error, unexpected keyword_end, expecting ')'
app/views/movies/new.html.erb:3:in `_app_views_movies_new_html_erb___1032078779384345533_70224079576780'
  Rendering /usr/local/var/rbenv/versions/2.3.1/lib/ruby/gems/2.3.0/gems/actionpack-5.0.1/lib/action_dispatch/middleware/templates/rescues/diagnostics.html.erb within rescues/layout
  Rendering /usr/local/var/rbenv/versions/2.3.1/lib/ruby/gems/2.3.0/gems/actionpack-5.0.1/lib/action_dispatch/middleware/templates/rescues/_source.html.erb
  Rendered /usr/local/var/rbenv/versions/2.3.1/lib/ruby/gems/2.3.0/gems/actionpack-5.0.1/lib/action_dispatch/middleware/templates/rescues/_source.html.erb (6.5ms)
  Rendering /usr/local/var/rbenv/versions/2.3.1/lib/ruby/gems/2.3.0/gems/actionpack-5.0.1/lib/action_dispatch/middleware/templates/rescues/_trace.html.erb
  Rendered /usr/local/var/rbenv/versions/2.3.1/lib/ruby/gems/2.3.0/gems/actionpack-5.0.1/lib/action_dispatch/middleware/templates/rescues/_trace.html.erb (2.2ms)
  Rendering /usr/local/var/rbenv/versions/2.3.1/lib/ruby/gems/2.3.0/gems/actionpack-5.0.1/lib/action_dispatch/middleware/templates/rescues/_request_and_response.html.erb
  Rendered /usr/local/var/rbenv/versions/2.3.1/lib/ruby/gems/2.3.0/gems/actionpack-5.0.1/lib/action_dispatch/middleware/templates/rescues/_request_and_response.html.erb (1.3ms)
  Rendered /usr/local/var/rbenv/versions/2.3.1/lib/ruby/gems/2.3.0/gems/actionpack-5.0.1/lib/action_dispatch/middleware/templates/rescues/diagnostics.html.erb within rescues/layout (108.6ms)
Started GET "/movies/new" for ::1 at 2017-01-08 23:39:03 -0500
Processing by MoviesController#new as HTML
  Rendering movies/new.html.erb within layouts/application
  Rendered movies/new.html.erb within layouts/application (8.6ms)
Completed 500 Internal Server Error in 34ms (ActiveRecord: 0.0ms)


  
ActionView::Template::Error (Missing partial movies/_form, application/_form with {:locale=>[:en], :formats=>[:html], :variants=>[], :handlers=>[:raw, :erb, :html, :builder, :ruby, :coffee, :jbuilder]}. Searched in:
  * "/Users/frontlines3/fundamentals/Projects/Movie-Review-App/MovieReview-App/app/views"
):
    1: <h1>New Movie</h1>
    2: 
    3: <%= render 'form' %>
  
app/views/movies/new.html.erb:3:in `_app_views_movies_new_html_erb___1032078779384345533_70224045611700'
  Rendering /usr/local/var/rbenv/versions/2.3.1/lib/ruby/gems/2.3.0/gems/actionpack-5.0.1/lib/action_dispatch/middleware/templates/rescues/template_error.html.erb within rescues/layout
  Rendering /usr/local/var/rbenv/versions/2.3.1/lib/ruby/gems/2.3.0/gems/actionpack-5.0.1/lib/action_dispatch/middleware/templates/rescues/_source.html.erb
  Rendered /usr/local/var/rbenv/versions/2.3.1/lib/ruby/gems/2.3.0/gems/actionpack-5.0.1/lib/action_dispatch/middleware/templates/rescues/_source.html.erb (6.0ms)
  Rendering /usr/local/var/rbenv/versions/2.3.1/lib/ruby/gems/2.3.0/gems/actionpack-5.0.1/lib/action_dispatch/middleware/templates/rescues/_trace.html.erb
  Rendered /usr/local/var/rbenv/versions/2.3.1/lib/ruby/gems/2.3.0/gems/actionpack-5.0.1/lib/action_dispatch/middleware/templates/rescues/_trace.html.erb (2.4ms)
  Rendering /usr/local/var/rbenv/versions/2.3.1/lib/ruby/gems/2.3.0/gems/actionpack-5.0.1/lib/action_dispatch/middleware/templates/rescues/_request_and_response.html.erb
  Rendered /usr/local/var/rbenv/versions/2.3.1/lib/ruby/gems/2.3.0/gems/actionpack-5.0.1/lib/action_dispatch/middleware/templates/rescues/_request_and_response.html.erb (1.4ms)
  Rendered /usr/local/var/rbenv/versions/2.3.1/lib/ruby/gems/2.3.0/gems/actionpack-5.0.1/lib/action_dispatch/middleware/templates/rescues/template_error.html.erb within rescues/layout (101.2ms)
Started GET "/movies/new" for ::1 at 2017-01-08 23:44:00 -0500
Processing by MoviesController#new as HTML
  Rendering movies/new.html.erb within layouts/application
  Rendered movies/_form.html.erb (8.9ms)
  Rendered movies/new.html.erb within layouts/application (18.9ms)
Completed 500 Internal Server Error in 55ms (ActiveRecord: 0.0ms)


  
SyntaxError (/Users/frontlines3/fundamentals/Projects/Movie-Review-App/MovieReview-App/app/views/movies/_form.html.erb:6: syntax error, unexpected keyword_end
'.freeze;@output_buffer.append=( end );@output_buffer.safe_append='
                                    ^
/Users/frontlines3/fundamentals/Projects/Movie-Review-App/MovieReview-App/app/views/movies/_form.html.erb:8: syntax error, unexpected keyword_ensure, expecting ')'
/Users/frontlines3/fundamentals/Projects/Movie-Review-App/MovieReview-App/app/views/movies/_form.html.erb:10: syntax error, unexpected keyword_end, expecting ')'):
  
app/views/movies/_form.html.erb:6: syntax error, unexpected keyword_end
app/views/movies/_form.html.erb:8: syntax error, unexpected keyword_ensure, expecting ')'
app/views/movies/_form.html.erb:10: syntax error, unexpected keyword_end, expecting ')'
app/views/movies/new.html.erb:3:in `_app_views_movies_new_html_erb___1032078779384345533_70224042594300'
  Rendering /usr/local/var/rbenv/versions/2.3.1/lib/ruby/gems/2.3.0/gems/actionpack-5.0.1/lib/action_dispatch/middleware/templates/rescues/diagnostics.html.erb within rescues/layout
  Rendering /usr/local/var/rbenv/versions/2.3.1/lib/ruby/gems/2.3.0/gems/actionpack-5.0.1/lib/action_dispatch/middleware/templates/rescues/_source.html.erb
  Rendered /usr/local/var/rbenv/versions/2.3.1/lib/ruby/gems/2.3.0/gems/actionpack-5.0.1/lib/action_dispatch/middleware/templates/rescues/_source.html.erb (7.3ms)
  Rendering /usr/local/var/rbenv/versions/2.3.1/lib/ruby/gems/2.3.0/gems/actionpack-5.0.1/lib/action_dispatch/middleware/templates/rescues/_trace.html.erb
  Rendered /usr/local/var/rbenv/versions/2.3.1/lib/ruby/gems/2.3.0/gems/actionpack-5.0.1/lib/action_dispatch/middleware/templates/rescues/_trace.html.erb (2.6ms)
  Rendering /usr/local/var/rbenv/versions/2.3.1/lib/ruby/gems/2.3.0/gems/actionpack-5.0.1/lib/action_dispatch/middleware/templates/rescues/_request_and_response.html.erb
  Rendered /usr/local/var/rbenv/versions/2.3.1/lib/ruby/gems/2.3.0/gems/actionpack-5.0.1/lib/action_dispatch/middleware/templates/rescues/_request_and_response.html.erb (1.4ms)
  Rendered /usr/local/var/rbenv/versions/2.3.1/lib/ruby/gems/2.3.0/gems/actionpack-5.0.1/lib/action_dispatch/middleware/templates/rescues/diagnostics.html.erb within rescues/layout (112.7ms)
Started GET "/reviews/new" for ::1 at 2017-01-08 23:45:55 -0500
Processing by ReviewsController#new as HTML
  Rendering reviews/new.html.erb within layouts/application
  Rendered reviews/_form.html.erb (5.1ms)
  Rendered reviews/new.html.erb within layouts/application (11.0ms)
Completed 500 Internal Server Error in 61ms (ActiveRecord: 11.9ms)


  
ActionView::Template::Error (First argument in form cannot contain nil or be empty):
    1: <%= form_for(review) do |f| %>
    2:   <% if review.errors.any? %>
    3:     <div id="error_explanation">
    4:       <h2><%= pluralize(review.errors.count, "error") %> prohibited this review from being saved:</h2>
  
app/views/reviews/_form.html.erb:1:in `_app_views_reviews__form_html_erb___1683982215745908479_70224074447620'
app/views/reviews/new.html.erb:3:in `_app_views_reviews_new_html_erb__1080406700918518327_70224074513940'
  Rendering /usr/local/var/rbenv/versions/2.3.1/lib/ruby/gems/2.3.0/gems/actionpack-5.0.1/lib/action_dispatch/middleware/templates/rescues/template_error.html.erb within rescues/layout
  Rendering /usr/local/var/rbenv/versions/2.3.1/lib/ruby/gems/2.3.0/gems/actionpack-5.0.1/lib/action_dispatch/middleware/templates/rescues/_source.html.erb
  Rendered /usr/local/var/rbenv/versions/2.3.1/lib/ruby/gems/2.3.0/gems/actionpack-5.0.1/lib/action_dispatch/middleware/templates/rescues/_source.html.erb (6.2ms)
  Rendering /usr/local/var/rbenv/versions/2.3.1/lib/ruby/gems/2.3.0/gems/actionpack-5.0.1/lib/action_dispatch/middleware/templates/rescues/_trace.html.erb
  Rendered /usr/local/var/rbenv/versions/2.3.1/lib/ruby/gems/2.3.0/gems/actionpack-5.0.1/lib/action_dispatch/middleware/templates/rescues/_trace.html.erb (6.0ms)
  Rendering /usr/local/var/rbenv/versions/2.3.1/lib/ruby/gems/2.3.0/gems/actionpack-5.0.1/lib/action_dispatch/middleware/templates/rescues/_request_and_response.html.erb
  Rendered /usr/local/var/rbenv/versions/2.3.1/lib/ruby/gems/2.3.0/gems/actionpack-5.0.1/lib/action_dispatch/middleware/templates/rescues/_request_and_response.html.erb (1.3ms)
  Rendered /usr/local/var/rbenv/versions/2.3.1/lib/ruby/gems/2.3.0/gems/actionpack-5.0.1/lib/action_dispatch/middleware/templates/rescues/template_error.html.erb within rescues/layout (112.5ms)
Started GET "/reviews/index" for ::1 at 2017-01-08 23:46:03 -0500
Processing by ReviewsController#show as HTML
  Parameters: {"id"=>"index"}
  [1m[36mReview Load (18.0ms)[0m  [1m[34mSELECT  "reviews".* FROM "reviews" WHERE "reviews"."id" = $1 LIMIT $2[0m  [["id", 0], ["LIMIT", 1]]
Completed 404 Not Found in 65ms (ActiveRecord: 18.4ms)


  
ActiveRecord::RecordNotFound (Couldn't find Review with 'id'=index):
  
app/controllers/reviews_controller.rb:67:in `set_review'
  Rendering /usr/local/var/rbenv/versions/2.3.1/lib/ruby/gems/2.3.0/gems/actionpack-5.0.1/lib/action_dispatch/middleware/templates/rescues/diagnostics.html.erb within rescues/layout
  Rendering /usr/local/var/rbenv/versions/2.3.1/lib/ruby/gems/2.3.0/gems/actionpack-5.0.1/lib/action_dispatch/middleware/templates/rescues/_source.html.erb
  Rendered /usr/local/var/rbenv/versions/2.3.1/lib/ruby/gems/2.3.0/gems/actionpack-5.0.1/lib/action_dispatch/middleware/templates/rescues/_source.html.erb (3.2ms)
  Rendering /usr/local/var/rbenv/versions/2.3.1/lib/ruby/gems/2.3.0/gems/actionpack-5.0.1/lib/action_dispatch/middleware/templates/rescues/_trace.html.erb
  Rendered /usr/local/var/rbenv/versions/2.3.1/lib/ruby/gems/2.3.0/gems/actionpack-5.0.1/lib/action_dispatch/middleware/templates/rescues/_trace.html.erb (1.9ms)
  Rendering /usr/local/var/rbenv/versions/2.3.1/lib/ruby/gems/2.3.0/gems/actionpack-5.0.1/lib/action_dispatch/middleware/templates/rescues/_request_and_response.html.erb
  Rendered /usr/local/var/rbenv/versions/2.3.1/lib/ruby/gems/2.3.0/gems/actionpack-5.0.1/lib/action_dispatch/middleware/templates/rescues/_request_and_response.html.erb (2.0ms)
  Rendered /usr/local/var/rbenv/versions/2.3.1/lib/ruby/gems/2.3.0/gems/actionpack-5.0.1/lib/action_dispatch/middleware/templates/rescues/diagnostics.html.erb within rescues/layout (105.7ms)
Started GET "/review/index" for ::1 at 2017-01-08 23:46:08 -0500
  
ActionController::RoutingError (No route matches [GET] "/review/index"):
  
actionpack (5.0.1) lib/action_dispatch/middleware/debug_exceptions.rb:53:in `call'
web-console (3.4.0) lib/web_console/middleware.rb:135:in `call_app'
web-console (3.4.0) lib/web_console/middleware.rb:28:in `block in call'
web-console (3.4.0) lib/web_console/middleware.rb:18:in `catch'
web-console (3.4.0) lib/web_console/middleware.rb:18:in `call'
actionpack (5.0.1) lib/action_dispatch/middleware/show_exceptions.rb:31:in `call'
railties (5.0.1) lib/rails/rack/logger.rb:36:in `call_app'
railties (5.0.1) lib/rails/rack/logger.rb:24:in `block in call'
activesupport (5.0.1) lib/active_support/tagged_logging.rb:69:in `block in tagged'
activesupport (5.0.1) lib/active_support/tagged_logging.rb:26:in `tagged'
activesupport (5.0.1) lib/active_support/tagged_logging.rb:69:in `tagged'
railties (5.0.1) lib/rails/rack/logger.rb:24:in `call'
sprockets-rails (3.2.0) lib/sprockets/rails/quiet_assets.rb:13:in `call'
actionpack (5.0.1) lib/action_dispatch/middleware/request_id.rb:24:in `call'
rack (2.0.1) lib/rack/method_override.rb:22:in `call'
rack (2.0.1) lib/rack/runtime.rb:22:in `call'
activesupport (5.0.1) lib/active_support/cache/strategy/local_cache_middleware.rb:28:in `call'
actionpack (5.0.1) lib/action_dispatch/middleware/executor.rb:12:in `call'
actionpack (5.0.1) lib/action_dispatch/middleware/static.rb:136:in `call'
rack (2.0.1) lib/rack/sendfile.rb:111:in `call'
railties (5.0.1) lib/rails/engine.rb:522:in `call'
puma (3.6.2) lib/puma/configuration.rb:225:in `call'
puma (3.6.2) lib/puma/server.rb:578:in `handle_request'
puma (3.6.2) lib/puma/server.rb:415:in `process_client'
puma (3.6.2) lib/puma/server.rb:275:in `block in run'
puma (3.6.2) lib/puma/thread_pool.rb:116:in `block in spawn_thread'
  Rendering /usr/local/var/rbenv/versions/2.3.1/lib/ruby/gems/2.3.0/gems/actionpack-5.0.1/lib/action_dispatch/middleware/templates/rescues/routing_error.html.erb within rescues/layout
  Rendering /usr/local/var/rbenv/versions/2.3.1/lib/ruby/gems/2.3.0/gems/actionpack-5.0.1/lib/action_dispatch/middleware/templates/rescues/_trace.html.erb
  Rendered /usr/local/var/rbenv/versions/2.3.1/lib/ruby/gems/2.3.0/gems/actionpack-5.0.1/lib/action_dispatch/middleware/templates/rescues/_trace.html.erb (2.8ms)
  Rendered collection of /usr/local/var/rbenv/versions/2.3.1/lib/ruby/gems/2.3.0/gems/actionpack-5.0.1/lib/action_dispatch/middleware/templates/routes/_route.html.erb [17 times] (27.7ms)
  Rendered /usr/local/var/rbenv/versions/2.3.1/lib/ruby/gems/2.3.0/gems/actionpack-5.0.1/lib/action_dispatch/middleware/templates/routes/_table.html.erb (17.4ms)
  Rendering /usr/local/var/rbenv/versions/2.3.1/lib/ruby/gems/2.3.0/gems/actionpack-5.0.1/lib/action_dispatch/middleware/templates/rescues/_request_and_response.html.erb
  Rendered /usr/local/var/rbenv/versions/2.3.1/lib/ruby/gems/2.3.0/gems/actionpack-5.0.1/lib/action_dispatch/middleware/templates/rescues/_request_and_response.html.erb (1.4ms)
  Rendered /usr/local/var/rbenv/versions/2.3.1/lib/ruby/gems/2.3.0/gems/actionpack-5.0.1/lib/action_dispatch/middleware/templates/rescues/routing_error.html.erb within rescues/layout (195.0ms)
Started GET "/reviews/index" for ::1 at 2017-01-08 23:46:48 -0500
Processing by ReviewsController#show as HTML
  Parameters: {"id"=>"index"}
  [1m[36mReview Load (0.4ms)[0m  [1m[34mSELECT  "reviews".* FROM "reviews" WHERE "reviews"."id" = $1 LIMIT $2[0m  [["id", 0], ["LIMIT", 1]]
Completed 404 Not Found in 3ms (ActiveRecord: 0.4ms)


  
ActiveRecord::RecordNotFound (Couldn't find Review with 'id'=index):
  
app/controllers/reviews_controller.rb:67:in `set_review'
  Rendering /usr/local/var/rbenv/versions/2.3.1/lib/ruby/gems/2.3.0/gems/actionpack-5.0.1/lib/action_dispatch/middleware/templates/rescues/diagnostics.html.erb within rescues/layout
  Rendering /usr/local/var/rbenv/versions/2.3.1/lib/ruby/gems/2.3.0/gems/actionpack-5.0.1/lib/action_dispatch/middleware/templates/rescues/_source.html.erb
  Rendered /usr/local/var/rbenv/versions/2.3.1/lib/ruby/gems/2.3.0/gems/actionpack-5.0.1/lib/action_dispatch/middleware/templates/rescues/_source.html.erb (4.1ms)
  Rendering /usr/local/var/rbenv/versions/2.3.1/lib/ruby/gems/2.3.0/gems/actionpack-5.0.1/lib/action_dispatch/middleware/templates/rescues/_trace.html.erb
  Rendered /usr/local/var/rbenv/versions/2.3.1/lib/ruby/gems/2.3.0/gems/actionpack-5.0.1/lib/action_dispatch/middleware/templates/rescues/_trace.html.erb (2.4ms)
  Rendering /usr/local/var/rbenv/versions/2.3.1/lib/ruby/gems/2.3.0/gems/actionpack-5.0.1/lib/action_dispatch/middleware/templates/rescues/_request_and_response.html.erb
  Rendered /usr/local/var/rbenv/versions/2.3.1/lib/ruby/gems/2.3.0/gems/actionpack-5.0.1/lib/action_dispatch/middleware/templates/rescues/_request_and_response.html.erb (1.5ms)
  Rendered /usr/local/var/rbenv/versions/2.3.1/lib/ruby/gems/2.3.0/gems/actionpack-5.0.1/lib/action_dispatch/middleware/templates/rescues/diagnostics.html.erb within rescues/layout (114.9ms)
